{"/Users/amena/Desktop/inkWell/frontend/src/providers.tsx": {"path":"/Users/amena/Desktop/inkWell/frontend/src/providers.tsx","statementMap":{"0":{"start":{"line":11,"column":16},"end":{"line":11,"column":26}},"1":{"start":{"line":3,"column":23},"end":{"line":3,"column":null}},"2":{"start":{"line":4,"column":49},"end":{"line":4,"column":null}},"3":{"start":{"line":5,"column":35},"end":{"line":5,"column":null}},"4":{"start":{"line":6,"column":52},"end":{"line":6,"column":null}},"5":{"start":{"line":9,"column":24},"end":{"line":9,"column":null}},"6":{"start":{"line":12,"column":24},"end":{"line":12,"column":null}},"7":{"start":{"line":12,"column":45},"end":{"line":12,"column":null}}},"fnMap":{"0":{"name":"Providers","decl":{"start":{"line":11,"column":16},"end":{"line":11,"column":26}},"loc":{"start":{"line":11,"column":100},"end":{"line":23,"column":null}}},"1":{"name":"(anonymous_5)","decl":{"start":{"line":12,"column":39},"end":{"line":12,"column":45}},"loc":{"start":{"line":12,"column":45},"end":{"line":12,"column":null}}}},"branchMap":{},"s":{"0":0,"1":0,"2":0,"3":0,"4":0,"5":0,"6":0,"7":0},"f":{"0":0,"1":0},"b":{}}
,"/Users/amena/Desktop/inkWell/frontend/src/test-utils.tsx": {"path":"/Users/amena/Desktop/inkWell/frontend/src/test-utils.tsx","statementMap":{"0":{"start":{"line":24,"column":9},"end":{"line":24,"column":25}},"1":{"start":{"line":1,"column":36},"end":{"line":1,"column":null}},"2":{"start":{"line":2,"column":38},"end":{"line":2,"column":null}},"3":{"start":{"line":3,"column":52},"end":{"line":3,"column":null}},"4":{"start":{"line":5,"column":24},"end":{"line":16,"column":null}},"5":{"start":{"line":18,"column":21},"end":{"line":21,"column":null}},"6":{"start":{"line":21,"column":5},"end":{"line":21,"column":null}}},"fnMap":{"0":{"name":"(anonymous_5)","decl":{"start":{"line":5,"column":24},"end":{"line":5,"column":25}},"loc":{"start":{"line":5,"column":68},"end":{"line":16,"column":null}}},"1":{"name":"(anonymous_6)","decl":{"start":{"line":18,"column":21},"end":{"line":18,"column":null}},"loc":{"start":{"line":21,"column":5},"end":{"line":21,"column":null}}}},"branchMap":{},"s":{"0":0,"1":0,"2":0,"3":0,"4":0,"5":0,"6":0},"f":{"0":0,"1":0},"b":{}}
,"/Users/amena/Desktop/inkWell/frontend/src/app/error.tsx": {"path":"/Users/amena/Desktop/inkWell/frontend/src/app/error.tsx","statementMap":{"0":{"start":{"line":5,"column":24},"end":{"line":5,"column":30}},"1":{"start":{"line":3,"column":26},"end":{"line":3,"column":null}},"2":{"start":{"line":12,"column":2},"end":{"line":15,"column":null}},"3":{"start":{"line":14,"column":4},"end":{"line":14,"column":null}},"4":{"start":{"line":25,"column":25},"end":{"line":25,"column":null}}},"fnMap":{"0":{"name":"Error","decl":{"start":{"line":5,"column":24},"end":{"line":5,"column":30}},"loc":{"start":{"line":11,"column":1},"end":{"line":33,"column":null}}},"1":{"name":"(anonymous_2)","decl":{"start":{"line":12,"column":12},"end":{"line":12,"column":null}},"loc":{"start":{"line":12,"column":12},"end":{"line":15,"column":5}}},"2":{"name":"(anonymous_3)","decl":{"start":{"line":25,"column":19},"end":{"line":25,"column":25}},"loc":{"start":{"line":25,"column":25},"end":{"line":25,"column":null}}}},"branchMap":{"0":{"loc":{"start":{"line":22,"column":11},"end":{"line":22,"column":null}},"type":"binary-expr","locations":[{"start":{"line":22,"column":11},"end":{"line":22,"column":24}},{"start":{"line":22,"column":28},"end":{"line":22,"column":null}}]}},"s":{"0":0,"1":0,"2":0,"3":0,"4":0},"f":{"0":0,"1":0,"2":0},"b":{"0":[0,0]}}
,"/Users/amena/Desktop/inkWell/frontend/src/app/loading.tsx": {"path":"/Users/amena/Desktop/inkWell/frontend/src/app/loading.tsx","statementMap":{"0":{"start":{"line":1,"column":24},"end":{"line":1,"column":null}}},"fnMap":{"0":{"name":"Loading","decl":{"start":{"line":1,"column":24},"end":{"line":1,"column":null}},"loc":{"start":{"line":1,"column":24},"end":{"line":11,"column":null}}}},"branchMap":{},"s":{"0":0},"f":{"0":0},"b":{}}
,"/Users/amena/Desktop/inkWell/frontend/src/app/api/auth/[...nextauth]/route.ts": {"path":"/Users/amena/Desktop/inkWell/frontend/src/app/api/auth/[...nextauth]/route.ts","statementMap":{"0":{"start":{"line":6,"column":9},"end":{"line":6,"column":20}},"1":{"start":{"line":6,"column":25},"end":{"line":6,"column":36}},"2":{"start":{"line":1,"column":21},"end":{"line":1,"column":null}},"3":{"start":{"line":2,"column":28},"end":{"line":2,"column":null}},"4":{"start":{"line":4,"column":16},"end":{"line":4,"column":null}}},"fnMap":{},"branchMap":{},"s":{"0":0,"1":0,"2":0,"3":0,"4":0},"f":{},"b":{}}
,"/Users/amena/Desktop/inkWell/frontend/src/app/api/auth/register/route.ts": {"path":"/Users/amena/Desktop/inkWell/frontend/src/app/api/auth/register/route.ts","statementMap":{"0":{"start":{"line":5,"column":22},"end":{"line":5,"column":27}},"1":{"start":{"line":2,"column":23},"end":{"line":2,"column":null}},"2":{"start":{"line":3,"column":21},"end":{"line":3,"column":null}},"3":{"start":{"line":6,"column":2},"end":{"line":50,"column":null}},"4":{"start":{"line":7,"column":38},"end":{"line":7,"column":null}},"5":{"start":{"line":10,"column":4},"end":{"line":15,"column":null}},"6":{"start":{"line":11,"column":6},"end":{"line":13,"column":null}},"7":{"start":{"line":18,"column":25},"end":{"line":20,"column":null}},"8":{"start":{"line":22,"column":4},"end":{"line":27,"column":null}},"9":{"start":{"line":23,"column":6},"end":{"line":25,"column":null}},"10":{"start":{"line":30,"column":27},"end":{"line":30,"column":null}},"11":{"start":{"line":33,"column":17},"end":{"line":39,"column":null}},"12":{"start":{"line":42,"column":52},"end":{"line":42,"column":null}},"13":{"start":{"line":43,"column":4},"end":{"line":43,"column":null}},"14":{"start":{"line":45,"column":4},"end":{"line":45,"column":null}},"15":{"start":{"line":46,"column":4},"end":{"line":48,"column":null}}},"fnMap":{"0":{"name":"POST","decl":{"start":{"line":5,"column":22},"end":{"line":5,"column":27}},"loc":{"start":{"line":5,"column":39},"end":{"line":51,"column":null}}}},"branchMap":{"0":{"loc":{"start":{"line":10,"column":4},"end":{"line":15,"column":null}},"type":"if","locations":[{"start":{"line":10,"column":4},"end":{"line":15,"column":null}}]},"1":{"loc":{"start":{"line":10,"column":8},"end":{"line":10,"column":38}},"type":"binary-expr","locations":[{"start":{"line":10,"column":8},"end":{"line":10,"column":17}},{"start":{"line":10,"column":17},"end":{"line":10,"column":27}},{"start":{"line":10,"column":27},"end":{"line":10,"column":38}}]},"2":{"loc":{"start":{"line":22,"column":4},"end":{"line":27,"column":null}},"type":"if","locations":[{"start":{"line":22,"column":4},"end":{"line":27,"column":null}}]}},"s":{"0":0,"1":0,"2":0,"3":0,"4":0,"5":0,"6":0,"7":0,"8":0,"9":0,"10":0,"11":0,"12":0,"13":0,"14":0,"15":0},"f":{"0":0},"b":{"0":[0],"1":[0,0,0],"2":[0]}}
,"/Users/amena/Desktop/inkWell/frontend/src/app/api/documents/route.ts": {"path":"/Users/amena/Desktop/inkWell/frontend/src/app/api/documents/route.ts","statementMap":{"0":{"start":{"line":17,"column":22},"end":{"line":17,"column":25}},"1":{"start":{"line":42,"column":22},"end":{"line":42,"column":26}},"2":{"start":{"line":3,"column":21},"end":{"line":3,"column":null}},"3":{"start":{"line":15,"column":28},"end":{"line":15,"column":30}},"4":{"start":{"line":18,"column":2},"end":{"line":39,"column":null}},"5":{"start":{"line":19,"column":20},"end":{"line":19,"column":null}},"6":{"start":{"line":21,"column":4},"end":{"line":26,"column":null}},"7":{"start":{"line":22,"column":6},"end":{"line":24,"column":null}},"8":{"start":{"line":29,"column":26},"end":{"line":30,"column":null}},"9":{"start":{"line":30,"column":13},"end":{"line":30,"column":43}},"10":{"start":{"line":33,"column":4},"end":{"line":33,"column":null}},"11":{"start":{"line":35,"column":4},"end":{"line":37,"column":null}},"12":{"start":{"line":43,"column":2},"end":{"line":79,"column":null}},"13":{"start":{"line":44,"column":20},"end":{"line":44,"column":null}},"14":{"start":{"line":46,"column":4},"end":{"line":51,"column":null}},"15":{"start":{"line":47,"column":6},"end":{"line":49,"column":null}},"16":{"start":{"line":53,"column":31},"end":{"line":53,"column":null}},"17":{"start":{"line":55,"column":4},"end":{"line":60,"column":null}},"18":{"start":{"line":56,"column":6},"end":{"line":58,"column":null}},"19":{"start":{"line":62,"column":29},"end":{"line":69,"column":null}},"20":{"start":{"line":71,"column":4},"end":{"line":71,"column":null}},"21":{"start":{"line":73,"column":4},"end":{"line":73,"column":null}},"22":{"start":{"line":75,"column":4},"end":{"line":77,"column":null}}},"fnMap":{"0":{"name":"GET","decl":{"start":{"line":17,"column":22},"end":{"line":17,"column":25}},"loc":{"start":{"line":17,"column":22},"end":{"line":40,"column":null}}},"1":{"name":"(anonymous_5)","decl":{"start":{"line":30,"column":6},"end":{"line":30,"column":13}},"loc":{"start":{"line":30,"column":13},"end":{"line":30,"column":43}}},"2":{"name":"POST","decl":{"start":{"line":42,"column":22},"end":{"line":42,"column":26}},"loc":{"start":{"line":42,"column":43},"end":{"line":80,"column":null}}}},"branchMap":{"0":{"loc":{"start":{"line":21,"column":4},"end":{"line":26,"column":null}},"type":"if","locations":[{"start":{"line":21,"column":4},"end":{"line":26,"column":null}}]},"1":{"loc":{"start":{"line":46,"column":4},"end":{"line":51,"column":null}},"type":"if","locations":[{"start":{"line":46,"column":4},"end":{"line":51,"column":null}}]},"2":{"loc":{"start":{"line":55,"column":4},"end":{"line":60,"column":null}},"type":"if","locations":[{"start":{"line":55,"column":4},"end":{"line":60,"column":null}}]},"3":{"loc":{"start":{"line":55,"column":8},"end":{"line":55,"column":28}},"type":"binary-expr","locations":[{"start":{"line":55,"column":8},"end":{"line":55,"column":18}},{"start":{"line":55,"column":18},"end":{"line":55,"column":28}}]}},"s":{"0":0,"1":0,"2":0,"3":0,"4":0,"5":0,"6":0,"7":0,"8":0,"9":0,"10":0,"11":0,"12":0,"13":0,"14":0,"15":0,"16":0,"17":0,"18":0,"19":0,"20":0,"21":0,"22":0},"f":{"0":0,"1":0,"2":0},"b":{"0":[0],"1":[0],"2":[0],"3":[0,0]}}
,"/Users/amena/Desktop/inkWell/frontend/src/app/api/mock-login/route.ts": {"path":"/Users/amena/Desktop/inkWell/frontend/src/app/api/mock-login/route.ts","statementMap":{"0":{"start":{"line":8,"column":22},"end":{"line":8,"column":27}},"1":{"start":{"line":9,"column":2},"end":{"line":53,"column":null}},"2":{"start":{"line":10,"column":33},"end":{"line":10,"column":null}},"3":{"start":{"line":13,"column":4},"end":{"line":18,"column":null}},"4":{"start":{"line":14,"column":6},"end":{"line":16,"column":null}},"5":{"start":{"line":21,"column":21},"end":{"line":25,"column":null}},"6":{"start":{"line":28,"column":22},"end":{"line":28,"column":null}},"7":{"start":{"line":31,"column":21},"end":{"line":33,"column":null}},"8":{"start":{"line":37,"column":4},"end":{"line":44,"column":null}},"9":{"start":{"line":46,"column":4},"end":{"line":46,"column":null}},"10":{"start":{"line":48,"column":4},"end":{"line":48,"column":null}},"11":{"start":{"line":49,"column":4},"end":{"line":51,"column":null}}},"fnMap":{"0":{"name":"POST","decl":{"start":{"line":8,"column":22},"end":{"line":8,"column":27}},"loc":{"start":{"line":8,"column":43},"end":{"line":54,"column":null}}}},"branchMap":{"0":{"loc":{"start":{"line":13,"column":4},"end":{"line":18,"column":null}},"type":"if","locations":[{"start":{"line":13,"column":4},"end":{"line":18,"column":null}}]},"1":{"loc":{"start":{"line":13,"column":8},"end":{"line":13,"column":29}},"type":"binary-expr","locations":[{"start":{"line":13,"column":8},"end":{"line":13,"column":18}},{"start":{"line":13,"column":18},"end":{"line":13,"column":29}}]}},"s":{"0":0,"1":0,"2":0,"3":0,"4":0,"5":0,"6":0,"7":0,"8":0,"9":0,"10":0,"11":0},"f":{"0":0},"b":{"0":[0],"1":[0,0]}}
,"/Users/amena/Desktop/inkWell/frontend/src/app/api/mock-logout/route.ts": {"path":"/Users/amena/Desktop/inkWell/frontend/src/app/api/mock-logout/route.ts","statementMap":{"0":{"start":{"line":3,"column":22},"end":{"line":3,"column":null}},"1":{"start":{"line":4,"column":2},"end":{"line":29,"column":null}},"2":{"start":{"line":6,"column":21},"end":{"line":8,"column":null}},"3":{"start":{"line":12,"column":4},"end":{"line":20,"column":null}},"4":{"start":{"line":22,"column":4},"end":{"line":22,"column":null}},"5":{"start":{"line":24,"column":4},"end":{"line":24,"column":null}},"6":{"start":{"line":25,"column":4},"end":{"line":27,"column":null}}},"fnMap":{"0":{"name":"POST","decl":{"start":{"line":3,"column":22},"end":{"line":3,"column":null}},"loc":{"start":{"line":3,"column":22},"end":{"line":30,"column":null}}}},"branchMap":{},"s":{"0":0,"1":0,"2":0,"3":0,"4":0,"5":0,"6":0},"f":{"0":0},"b":{}}
,"/Users/amena/Desktop/inkWell/frontend/src/app/api/mock-signup/route.ts": {"path":"/Users/amena/Desktop/inkWell/frontend/src/app/api/mock-signup/route.ts","statementMap":{"0":{"start":{"line":9,"column":22},"end":{"line":9,"column":27}},"1":{"start":{"line":10,"column":2},"end":{"line":54,"column":null}},"2":{"start":{"line":11,"column":39},"end":{"line":11,"column":null}},"3":{"start":{"line":14,"column":4},"end":{"line":19,"column":null}},"4":{"start":{"line":15,"column":6},"end":{"line":17,"column":null}},"5":{"start":{"line":22,"column":21},"end":{"line":26,"column":null}},"6":{"start":{"line":29,"column":22},"end":{"line":29,"column":52}},"7":{"start":{"line":32,"column":21},"end":{"line":34,"column":null}},"8":{"start":{"line":38,"column":4},"end":{"line":45,"column":null}},"9":{"start":{"line":47,"column":4},"end":{"line":47,"column":null}},"10":{"start":{"line":49,"column":4},"end":{"line":49,"column":null}},"11":{"start":{"line":50,"column":4},"end":{"line":52,"column":null}}},"fnMap":{"0":{"name":"POST","decl":{"start":{"line":9,"column":22},"end":{"line":9,"column":27}},"loc":{"start":{"line":9,"column":43},"end":{"line":55,"column":null}}}},"branchMap":{"0":{"loc":{"start":{"line":14,"column":4},"end":{"line":19,"column":null}},"type":"if","locations":[{"start":{"line":14,"column":4},"end":{"line":19,"column":null}}]},"1":{"loc":{"start":{"line":14,"column":8},"end":{"line":14,"column":38}},"type":"binary-expr","locations":[{"start":{"line":14,"column":8},"end":{"line":14,"column":17}},{"start":{"line":14,"column":17},"end":{"line":14,"column":27}},{"start":{"line":14,"column":27},"end":{"line":14,"column":38}}]}},"s":{"0":0,"1":0,"2":0,"3":0,"4":0,"5":0,"6":0,"7":0,"8":0,"9":0,"10":0,"11":0},"f":{"0":0},"b":{"0":[0],"1":[0,0,0]}}
,"/Users/amena/Desktop/inkWell/frontend/src/app/dashboard/components/dashboard-content.tsx": {"path":"/Users/amena/Desktop/inkWell/frontend/src/app/dashboard/components/dashboard-content.tsx","statementMap":{"0":{"start":{"line":20,"column":16},"end":{"line":20,"column":null}},"1":{"start":{"line":3,"column":26},"end":{"line":3,"column":null}},"2":{"start":{"line":4,"column":25},"end":{"line":4,"column":null}},"3":{"start":{"line":5,"column":23},"end":{"line":5,"column":null}},"4":{"start":{"line":6,"column":74},"end":{"line":6,"column":null}},"5":{"start":{"line":7,"column":84},"end":{"line":7,"column":null}},"6":{"start":{"line":8,"column":28},"end":{"line":8,"column":null}},"7":{"start":{"line":9,"column":36},"end":{"line":9,"column":null}},"8":{"start":{"line":10,"column":22},"end":{"line":10,"column":null}},"9":{"start":{"line":11,"column":52},"end":{"line":11,"column":null}},"10":{"start":{"line":12,"column":25},"end":{"line":12,"column":null}},"11":{"start":{"line":21,"column":17},"end":{"line":21,"column":null}},"12":{"start":{"line":29,"column":6},"end":{"line":33,"column":null}},"13":{"start":{"line":31,"column":19},"end":{"line":31,"column":null}},"14":{"start":{"line":41,"column":6},"end":{"line":45,"column":null}},"15":{"start":{"line":48,"column":2},"end":{"line":54,"column":null}},"16":{"start":{"line":49,"column":4},"end":{"line":53,"column":null}},"17":{"start":{"line":56,"column":2},"end":{"line":62,"column":null}},"18":{"start":{"line":57,"column":4},"end":{"line":61,"column":null}},"19":{"start":{"line":64,"column":31},"end":{"line":75,"column":null}},"20":{"start":{"line":65,"column":4},"end":{"line":74,"column":null}},"21":{"start":{"line":66,"column":21},"end":{"line":66,"column":null}},"22":{"start":{"line":67,"column":6},"end":{"line":67,"column":null}},"23":{"start":{"line":69,"column":6},"end":{"line":73,"column":null}},"24":{"start":{"line":77,"column":22},"end":{"line":80,"column":null}},"25":{"start":{"line":78,"column":4},"end":{"line":78,"column":null}},"26":{"start":{"line":78,"column":23},"end":{"line":78,"column":null}},"27":{"start":{"line":79,"column":4},"end":{"line":79,"column":null}},"28":{"start":{"line":79,"column":22},"end":{"line":79,"column":null}},"29":{"start":{"line":83,"column":22},"end":{"line":108,"column":null}},"30":{"start":{"line":158,"column":12},"end":{"line":159,"column":null}},"31":{"start":{"line":213,"column":18},"end":{"line":214,"column":null}},"32":{"start":{"line":215,"column":35},"end":{"line":215,"column":null}},"33":{"start":{"line":275,"column":31},"end":{"line":275,"column":null}},"34":{"start":{"line":288,"column":38},"end":{"line":288,"column":null}},"35":{"start":{"line":289,"column":18},"end":{"line":291,"column":null}},"36":{"start":{"line":290,"column":20},"end":{"line":290,"column":null}}},"fnMap":{"0":{"name":"DashboardContent","decl":{"start":{"line":20,"column":16},"end":{"line":20,"column":null}},"loc":{"start":{"line":20,"column":16},"end":{"line":305,"column":null}}},"1":{"name":"(anonymous_3)","decl":{"start":{"line":31,"column":13},"end":{"line":31,"column":19}},"loc":{"start":{"line":31,"column":19},"end":{"line":31,"column":null}}},"2":{"name":"(anonymous_4)","decl":{"start":{"line":64,"column":31},"end":{"line":64,"column":null}},"loc":{"start":{"line":64,"column":31},"end":{"line":75,"column":null}}},"3":{"name":"(anonymous_5)","decl":{"start":{"line":77,"column":22},"end":{"line":77,"column":null}},"loc":{"start":{"line":77,"column":22},"end":{"line":80,"column":null}}},"4":{"name":"(anonymous_6)","decl":{"start":{"line":157,"column":27},"end":{"line":157,"column":28}},"loc":{"start":{"line":158,"column":12},"end":{"line":159,"column":null}}},"5":{"name":"(anonymous_7)","decl":{"start":{"line":212,"column":37},"end":{"line":212,"column":38}},"loc":{"start":{"line":213,"column":18},"end":{"line":214,"column":null}}},"6":{"name":"(anonymous_8)","decl":{"start":{"line":215,"column":29},"end":{"line":215,"column":35}},"loc":{"start":{"line":215,"column":35},"end":{"line":215,"column":null}}},"7":{"name":"(anonymous_9)","decl":{"start":{"line":275,"column":25},"end":{"line":275,"column":31}},"loc":{"start":{"line":275,"column":31},"end":{"line":275,"column":null}}},"8":{"name":"(anonymous_10)","decl":{"start":{"line":287,"column":25},"end":{"line":287,"column":null}},"loc":{"start":{"line":287,"column":25},"end":{"line":292,"column":null}}}},"branchMap":{"0":{"loc":{"start":{"line":48,"column":2},"end":{"line":54,"column":null}},"type":"if","locations":[{"start":{"line":48,"column":2},"end":{"line":54,"column":null}}]},"1":{"loc":{"start":{"line":56,"column":2},"end":{"line":62,"column":null}},"type":"if","locations":[{"start":{"line":56,"column":2},"end":{"line":62,"column":null}}]},"2":{"loc":{"start":{"line":78,"column":4},"end":{"line":78,"column":null}},"type":"if","locations":[{"start":{"line":78,"column":4},"end":{"line":78,"column":null}}]},"3":{"loc":{"start":{"line":79,"column":4},"end":{"line":79,"column":null}},"type":"if","locations":[{"start":{"line":79,"column":4},"end":{"line":79,"column":null}}]},"4":{"loc":{"start":{"line":86,"column":13},"end":{"line":86,"column":null}},"type":"binary-expr","locations":[{"start":{"line":86,"column":13},"end":{"line":86,"column":29}},{"start":{"line":86,"column":29},"end":{"line":86,"column":null}}]},"5":{"loc":{"start":{"line":94,"column":13},"end":{"line":94,"column":null}},"type":"binary-expr","locations":[{"start":{"line":94,"column":13},"end":{"line":94,"column":30}},{"start":{"line":94,"column":30},"end":{"line":94,"column":null}}]},"6":{"loc":{"start":{"line":102,"column":13},"end":{"line":102,"column":null}},"type":"binary-expr","locations":[{"start":{"line":102,"column":13},"end":{"line":102,"column":38}},{"start":{"line":102,"column":38},"end":{"line":102,"column":null}}]},"7":{"loc":{"start":{"line":123,"column":12},"end":{"line":123,"column":29}},"type":"binary-expr","locations":[{"start":{"line":123,"column":12},"end":{"line":123,"column":29}},{"start":{"line":123,"column":29},"end":{"line":123,"column":40}}]},"8":{"loc":{"start":{"line":146,"column":8},"end":{"line":153,"column":null}},"type":"cond-expr","locations":[{"start":{"line":146,"column":8},"end":{"line":153,"column":null}}]},"9":{"loc":{"start":{"line":154,"column":8},"end":{"line":154,"column":null}},"type":"cond-expr","locations":[{"start":{"line":154,"column":8},"end":{"line":154,"column":null}}]},"10":{"loc":{"start":{"line":172,"column":19},"end":{"line":175,"column":30}},"type":"cond-expr","locations":[{"start":{"line":173,"column":20},"end":{"line":175,"column":25}},{"start":{"line":175,"column":20},"end":{"line":175,"column":30}}]},"11":{"loc":{"start":{"line":198,"column":14},"end":{"line":198,"column":null}},"type":"cond-expr","locations":[{"start":{"line":198,"column":14},"end":{"line":198,"column":null}}]},"12":{"loc":{"start":{"line":200,"column":14},"end":{"line":210,"column":33}},"type":"cond-expr","locations":[{"start":{"line":200,"column":14},"end":{"line":210,"column":33}}]},"13":{"loc":{"start":{"line":211,"column":14},"end":{"line":237,"column":15}},"type":"cond-expr","locations":[{"start":{"line":211,"column":14},"end":{"line":237,"column":15}}]},"14":{"loc":{"start":{"line":220,"column":25},"end":{"line":220,"column":null}},"type":"binary-expr","locations":[{"start":{"line":220,"column":25},"end":{"line":220,"column":34}},{"start":{"line":220,"column":38},"end":{"line":220,"column":null}}]},"15":{"loc":{"start":{"line":289,"column":18},"end":{"line":291,"column":null}},"type":"if","locations":[{"start":{"line":289,"column":18},"end":{"line":291,"column":null}}]}},"s":{"0":0,"1":0,"2":0,"3":0,"4":0,"5":0,"6":0,"7":0,"8":0,"9":0,"10":0,"11":0,"12":0,"13":0,"14":0,"15":0,"16":0,"17":0,"18":0,"19":0,"20":0,"21":0,"22":0,"23":0,"24":0,"25":0,"26":0,"27":0,"28":0,"29":0,"30":0,"31":0,"32":0,"33":0,"34":0,"35":0,"36":0},"f":{"0":0,"1":0,"2":0,"3":0,"4":0,"5":0,"6":0,"7":0,"8":0},"b":{"0":[0],"1":[0],"2":[0],"3":[0],"4":[0,0],"5":[0,0],"6":[0,0],"7":[0,0],"8":[0],"9":[0],"10":[0,0],"11":[0],"12":[0],"13":[0],"14":[0,0],"15":[0]}}
,"/Users/amena/Desktop/inkWell/frontend/src/components/ai-assistant.tsx": {"path":"/Users/amena/Desktop/inkWell/frontend/src/components/ai-assistant.tsx","statementMap":{"0":{"start":{"line":20,"column":16},"end":{"line":20,"column":null}},"1":{"start":{"line":3,"column":23},"end":{"line":3,"column":null}},"2":{"start":{"line":5,"column":23},"end":{"line":5,"column":null}},"3":{"start":{"line":6,"column":29},"end":{"line":6,"column":null}},"4":{"start":{"line":10,"column":2},"end":{"line":10,"column":null}},"5":{"start":{"line":21,"column":30},"end":{"line":21,"column":null}},"6":{"start":{"line":22,"column":28},"end":{"line":22,"column":null}},"7":{"start":{"line":23,"column":34},"end":{"line":23,"column":null}},"8":{"start":{"line":24,"column":34},"end":{"line":24,"column":null}},"9":{"start":{"line":25,"column":25},"end":{"line":25,"column":null}},"10":{"start":{"line":27,"column":28},"end":{"line":53,"column":null}},"11":{"start":{"line":28,"column":4},"end":{"line":28,"column":null}},"12":{"start":{"line":29,"column":4},"end":{"line":29,"column":null}},"13":{"start":{"line":29,"column":23},"end":{"line":29,"column":null}},"14":{"start":{"line":31,"column":33},"end":{"line":36,"column":null}},"15":{"start":{"line":38,"column":4},"end":{"line":38,"column":null}},"16":{"start":{"line":38,"column":26},"end":{"line":38,"column":null}},"17":{"start":{"line":39,"column":4},"end":{"line":39,"column":null}},"18":{"start":{"line":40,"column":4},"end":{"line":40,"column":null}},"19":{"start":{"line":43,"column":4},"end":{"line":52,"column":null}},"20":{"start":{"line":44,"column":34},"end":{"line":49,"column":null}},"21":{"start":{"line":50,"column":6},"end":{"line":50,"column":null}},"22":{"start":{"line":50,"column":28},"end":{"line":50,"column":null}},"23":{"start":{"line":51,"column":6},"end":{"line":51,"column":null}},"24":{"start":{"line":55,"column":24},"end":{"line":71,"column":null}},"25":{"start":{"line":56,"column":18},"end":{"line":56,"column":null}},"26":{"start":{"line":58,"column":4},"end":{"line":70,"column":null}},"27":{"start":{"line":59,"column":6},"end":{"line":59,"column":null}},"28":{"start":{"line":60,"column":11},"end":{"line":70,"column":null}},"29":{"start":{"line":61,"column":6},"end":{"line":61,"column":null}},"30":{"start":{"line":62,"column":11},"end":{"line":70,"column":null}},"31":{"start":{"line":63,"column":6},"end":{"line":63,"column":null}},"32":{"start":{"line":64,"column":11},"end":{"line":70,"column":null}},"33":{"start":{"line":65,"column":6},"end":{"line":65,"column":null}},"34":{"start":{"line":66,"column":11},"end":{"line":70,"column":null}},"35":{"start":{"line":67,"column":6},"end":{"line":67,"column":null}},"36":{"start":{"line":69,"column":6},"end":{"line":69,"column":null}},"37":{"start":{"line":73,"column":2},"end":{"line":77,"column":null}},"38":{"start":{"line":74,"column":4},"end":{"line":76,"column":null}},"39":{"start":{"line":75,"column":6},"end":{"line":75,"column":null}},"40":{"start":{"line":92,"column":29},"end":{"line":92,"column":null}},"41":{"start":{"line":109,"column":16},"end":{"line":110,"column":null}},"42":{"start":{"line":147,"column":33},"end":{"line":147,"column":null}},"43":{"start":{"line":165,"column":25},"end":{"line":165,"column":null}}},"fnMap":{"0":{"name":"cn","decl":{"start":{"line":9,"column":9},"end":{"line":9,"column":12}},"loc":{"start":{"line":9,"column":46},"end":{"line":11,"column":null}}},"1":{"name":"AIAssistant","decl":{"start":{"line":20,"column":16},"end":{"line":20,"column":null}},"loc":{"start":{"line":20,"column":16},"end":{"line":173,"column":null}}},"2":{"name":"(anonymous_6)","decl":{"start":{"line":27,"column":28},"end":{"line":27,"column":35}},"loc":{"start":{"line":27,"column":35},"end":{"line":53,"column":null}}},"3":{"name":"(anonymous_7)","decl":{"start":{"line":38,"column":16},"end":{"line":38,"column":17}},"loc":{"start":{"line":38,"column":26},"end":{"line":38,"column":null}}},"4":{"name":"(anonymous_8)","decl":{"start":{"line":43,"column":15},"end":{"line":43,"column":null}},"loc":{"start":{"line":43,"column":15},"end":{"line":52,"column":7}}},"5":{"name":"(anonymous_9)","decl":{"start":{"line":50,"column":18},"end":{"line":50,"column":19}},"loc":{"start":{"line":50,"column":28},"end":{"line":50,"column":null}}},"6":{"name":"(anonymous_10)","decl":{"start":{"line":55,"column":24},"end":{"line":55,"column":25}},"loc":{"start":{"line":55,"column":25},"end":{"line":71,"column":null}}},"7":{"name":"(anonymous_11)","decl":{"start":{"line":73,"column":12},"end":{"line":73,"column":null}},"loc":{"start":{"line":73,"column":12},"end":{"line":77,"column":5}}},"8":{"name":"(anonymous_12)","decl":{"start":{"line":92,"column":23},"end":{"line":92,"column":29}},"loc":{"start":{"line":92,"column":29},"end":{"line":92,"column":null}}},"9":{"name":"(anonymous_13)","decl":{"start":{"line":108,"column":27},"end":{"line":108,"column":28}},"loc":{"start":{"line":109,"column":16},"end":{"line":110,"column":null}}},"10":{"name":"(anonymous_14)","decl":{"start":{"line":147,"column":26},"end":{"line":147,"column":27}},"loc":{"start":{"line":147,"column":33},"end":{"line":147,"column":null}}},"11":{"name":"(anonymous_15)","decl":{"start":{"line":165,"column":19},"end":{"line":165,"column":25}},"loc":{"start":{"line":165,"column":25},"end":{"line":165,"column":null}}}},"branchMap":{"0":{"loc":{"start":{"line":29,"column":4},"end":{"line":29,"column":null}},"type":"if","locations":[{"start":{"line":29,"column":4},"end":{"line":29,"column":null}}]},"1":{"loc":{"start":{"line":58,"column":4},"end":{"line":70,"column":null}},"type":"if","locations":[{"start":{"line":58,"column":4},"end":{"line":70,"column":null}},{"start":{"line":60,"column":11},"end":{"line":70,"column":null}}]},"2":{"loc":{"start":{"line":58,"column":8},"end":{"line":58,"column":82}},"type":"binary-expr","locations":[{"start":{"line":58,"column":8},"end":{"line":58,"column":35}},{"start":{"line":58,"column":35},"end":{"line":58,"column":59}},{"start":{"line":58,"column":59},"end":{"line":58,"column":82}}]},"3":{"loc":{"start":{"line":60,"column":11},"end":{"line":70,"column":null}},"type":"if","locations":[{"start":{"line":60,"column":11},"end":{"line":70,"column":null}},{"start":{"line":62,"column":11},"end":{"line":70,"column":null}}]},"4":{"loc":{"start":{"line":62,"column":11},"end":{"line":70,"column":null}},"type":"if","locations":[{"start":{"line":62,"column":11},"end":{"line":70,"column":null}},{"start":{"line":64,"column":11},"end":{"line":70,"column":null}}]},"5":{"loc":{"start":{"line":62,"column":15},"end":{"line":62,"column":69}},"type":"binary-expr","locations":[{"start":{"line":62,"column":15},"end":{"line":62,"column":45}},{"start":{"line":62,"column":45},"end":{"line":62,"column":69}}]},"6":{"loc":{"start":{"line":64,"column":11},"end":{"line":70,"column":null}},"type":"if","locations":[{"start":{"line":64,"column":11},"end":{"line":70,"column":null}},{"start":{"line":66,"column":11},"end":{"line":70,"column":null}}]},"7":{"loc":{"start":{"line":64,"column":15},"end":{"line":64,"column":73}},"type":"binary-expr","locations":[{"start":{"line":64,"column":15},"end":{"line":64,"column":44}},{"start":{"line":64,"column":44},"end":{"line":64,"column":73}}]},"8":{"loc":{"start":{"line":66,"column":11},"end":{"line":70,"column":null}},"type":"if","locations":[{"start":{"line":66,"column":11},"end":{"line":70,"column":null}},{"start":{"line":68,"column":11},"end":{"line":70,"column":null}}]},"9":{"loc":{"start":{"line":74,"column":4},"end":{"line":76,"column":null}},"type":"if","locations":[{"start":{"line":74,"column":4},"end":{"line":76,"column":null}}]},"10":{"loc":{"start":{"line":82,"column":8},"end":{"line":164,"column":9}},"type":"cond-expr","locations":[{"start":{"line":82,"column":8},"end":{"line":164,"column":9}}]},"11":{"loc":{"start":{"line":99,"column":13},"end":{"line":110,"column":null}},"type":"cond-expr","locations":[{"start":{"line":100,"column":14},"end":{"line":108,"column":23}},{"start":{"line":108,"column":14},"end":{"line":110,"column":null}}]},"12":{"loc":{"start":{"line":113,"column":20},"end":{"line":113,"column":null}},"type":"cond-expr","locations":[{"start":{"line":113,"column":46},"end":{"line":113,"column":62}},{"start":{"line":113,"column":62},"end":{"line":113,"column":null}}]},"13":{"loc":{"start":{"line":119,"column":22},"end":{"line":121,"column":null}},"type":"cond-expr","locations":[{"start":{"line":120,"column":26},"end":{"line":120,"column":null}},{"start":{"line":121,"column":26},"end":{"line":121,"column":null}}]},"14":{"loc":{"start":{"line":132,"column":13},"end":{"line":132,"column":null}},"type":"binary-expr","locations":[{"start":{"line":132,"column":13},"end":{"line":132,"column":null}}]},"15":{"loc":{"start":{"line":156,"column":26},"end":{"line":156,"column":null}},"type":"binary-expr","locations":[{"start":{"line":156,"column":26},"end":{"line":156,"column":43}},{"start":{"line":156,"column":43},"end":{"line":156,"column":null}}]}},"s":{"0":0,"1":0,"2":0,"3":0,"4":0,"5":0,"6":0,"7":0,"8":0,"9":0,"10":0,"11":0,"12":0,"13":0,"14":0,"15":0,"16":0,"17":0,"18":0,"19":0,"20":0,"21":0,"22":0,"23":0,"24":0,"25":0,"26":0,"27":0,"28":0,"29":0,"30":0,"31":0,"32":0,"33":0,"34":0,"35":0,"36":0,"37":0,"38":0,"39":0,"40":0,"41":0,"42":0,"43":0},"f":{"0":0,"1":0,"2":0,"3":0,"4":0,"5":0,"6":0,"7":0,"8":0,"9":0,"10":0,"11":0},"b":{"0":[0],"1":[0,0],"2":[0,0,0],"3":[0,0],"4":[0,0],"5":[0,0],"6":[0,0],"7":[0,0],"8":[0,0],"9":[0],"10":[0],"11":[0,0],"12":[0,0],"13":[0,0],"14":[0],"15":[0,0]}}
,"/Users/amena/Desktop/inkWell/frontend/src/components/dashboard-nav.tsx": {"path":"/Users/amena/Desktop/inkWell/frontend/src/components/dashboard-nav.tsx","statementMap":{"0":{"start":{"line":118,"column":16},"end":{"line":118,"column":28}},"1":{"start":{"line":69,"column":13},"end":{"line":69,"column":19}},"2":{"start":{"line":3,"column":23},"end":{"line":3,"column":null}},"3":{"start":{"line":5,"column":17},"end":{"line":5,"column":null}},"4":{"start":{"line":6,"column":39},"end":{"line":6,"column":null}},"5":{"start":{"line":7,"column":23},"end":{"line":7,"column":null}},"6":{"start":{"line":69,"column":22},"end":{"line":69,"column":null}},"7":{"start":{"line":80,"column":2},"end":{"line":80,"column":null}},"8":{"start":{"line":83,"column":37},"end":{"line":112,"column":null}},"9":{"start":{"line":119,"column":19},"end":{"line":119,"column":null}},"10":{"start":{"line":120,"column":17},"end":{"line":120,"column":null}},"11":{"start":{"line":121,"column":46},"end":{"line":121,"column":null}},"12":{"start":{"line":123,"column":24},"end":{"line":128,"column":null}},"13":{"start":{"line":124,"column":4},"end":{"line":127,"column":null}},"14":{"start":{"line":125,"column":6},"end":{"line":125,"column":null}},"15":{"start":{"line":126,"column":6},"end":{"line":126,"column":null}},"16":{"start":{"line":140,"column":16},"end":{"line":141,"column":null}},"17":{"start":{"line":170,"column":29},"end":{"line":170,"column":null}},"18":{"start":{"line":187,"column":35},"end":{"line":187,"column":null}},"19":{"start":{"line":188,"column":16},"end":{"line":188,"column":null}},"20":{"start":{"line":203,"column":12},"end":{"line":204,"column":null}},"21":{"start":{"line":214,"column":35},"end":{"line":214,"column":null}},"22":{"start":{"line":215,"column":16},"end":{"line":215,"column":null}},"23":{"start":{"line":224,"column":14},"end":{"line":224,"column":null}},"24":{"start":{"line":225,"column":33},"end":{"line":225,"column":null}},"25":{"start":{"line":226,"column":14},"end":{"line":226,"column":null}}},"fnMap":{"0":{"name":"cn","decl":{"start":{"line":79,"column":9},"end":{"line":79,"column":12}},"loc":{"start":{"line":79,"column":46},"end":{"line":81,"column":null}}},"1":{"name":"DashboardNav","decl":{"start":{"line":118,"column":16},"end":{"line":118,"column":28}},"loc":{"start":{"line":118,"column":50},"end":{"line":237,"column":null}}},"2":{"name":"(anonymous_12)","decl":{"start":{"line":123,"column":24},"end":{"line":123,"column":null}},"loc":{"start":{"line":123,"column":24},"end":{"line":128,"column":null}}},"3":{"name":"(anonymous_13)","decl":{"start":{"line":139,"column":30},"end":{"line":139,"column":31}},"loc":{"start":{"line":140,"column":16},"end":{"line":141,"column":null}}},"4":{"name":"(anonymous_14)","decl":{"start":{"line":170,"column":23},"end":{"line":170,"column":29}},"loc":{"start":{"line":170,"column":29},"end":{"line":170,"column":null}}},"5":{"name":"(anonymous_15)","decl":{"start":{"line":186,"column":23},"end":{"line":186,"column":null}},"loc":{"start":{"line":186,"column":23},"end":{"line":189,"column":null}}},"6":{"name":"(anonymous_16)","decl":{"start":{"line":202,"column":26},"end":{"line":202,"column":27}},"loc":{"start":{"line":203,"column":12},"end":{"line":204,"column":null}}},"7":{"name":"(anonymous_17)","decl":{"start":{"line":213,"column":23},"end":{"line":213,"column":null}},"loc":{"start":{"line":213,"column":23},"end":{"line":216,"column":null}}},"8":{"name":"(anonymous_18)","decl":{"start":{"line":223,"column":21},"end":{"line":223,"column":null}},"loc":{"start":{"line":223,"column":21},"end":{"line":227,"column":null}}}},"branchMap":{"0":{"loc":{"start":{"line":15,"column":41},"end":{"line":15,"column":55}},"type":"default-arg","locations":[{"start":{"line":15,"column":53},"end":{"line":15,"column":55}}]},"1":{"loc":{"start":{"line":33,"column":38},"end":{"line":33,"column":52}},"type":"default-arg","locations":[{"start":{"line":33,"column":50},"end":{"line":33,"column":52}}]},"2":{"loc":{"start":{"line":51,"column":43},"end":{"line":51,"column":57}},"type":"default-arg","locations":[{"start":{"line":51,"column":55},"end":{"line":51,"column":57}}]},"3":{"loc":{"start":{"line":124,"column":4},"end":{"line":127,"column":null}},"type":"if","locations":[{"start":{"line":124,"column":4},"end":{"line":127,"column":null}}]},"4":{"loc":{"start":{"line":145,"column":20},"end":{"line":147,"column":null}},"type":"cond-expr","locations":[{"start":{"line":146,"column":24},"end":{"line":146,"column":null}},{"start":{"line":147,"column":24},"end":{"line":147,"column":null}}]},"5":{"loc":{"start":{"line":149,"column":32},"end":{"line":149,"column":null}},"type":"cond-expr","locations":[{"start":{"line":149,"column":57},"end":{"line":149,"column":66}},{"start":{"line":149,"column":66},"end":{"line":149,"column":null}}]},"6":{"loc":{"start":{"line":175,"column":15},"end":{"line":178,"column":null}},"type":"cond-expr","locations":[{"start":{"line":176,"column":16},"end":{"line":176,"column":null}},{"start":{"line":178,"column":16},"end":{"line":178,"column":null}}]},"7":{"loc":{"start":{"line":208,"column":16},"end":{"line":210,"column":null}},"type":"cond-expr","locations":[{"start":{"line":209,"column":20},"end":{"line":209,"column":null}},{"start":{"line":210,"column":20},"end":{"line":210,"column":null}}]},"8":{"loc":{"start":{"line":212,"column":28},"end":{"line":212,"column":null}},"type":"cond-expr","locations":[{"start":{"line":212,"column":53},"end":{"line":212,"column":62}},{"start":{"line":212,"column":62},"end":{"line":212,"column":null}}]}},"s":{"0":0,"1":0,"2":0,"3":0,"4":0,"5":0,"6":0,"7":0,"8":0,"9":0,"10":0,"11":0,"12":0,"13":0,"14":0,"15":0,"16":0,"17":0,"18":0,"19":0,"20":0,"21":0,"22":0,"23":0,"24":0,"25":0},"f":{"0":0,"1":0,"2":0,"3":0,"4":0,"5":0,"6":0,"7":0,"8":0},"b":{"0":[0],"1":[0],"2":[0],"3":[0],"4":[0,0],"5":[0,0],"6":[0,0],"7":[0,0],"8":[0,0]}}
,"/Users/amena/Desktop/inkWell/frontend/src/components/icons.tsx": {"path":"/Users/amena/Desktop/inkWell/frontend/src/components/icons.tsx","statementMap":{"0":{"start":{"line":5,"column":13},"end":{"line":5,"column":27}},"1":{"start":{"line":5,"column":27},"end":{"line":42,"column":null}}},"fnMap":{},"branchMap":{},"s":{"0":0,"1":0},"f":{},"b":{}}
,"/Users/amena/Desktop/inkWell/frontend/src/components/index.ts": {"path":"/Users/amena/Desktop/inkWell/frontend/src/components/index.ts","statementMap":{"0":{"start":{"line":2,"column":14},"end":{"line":2,"column":null}}},"fnMap":{},"branchMap":{},"s":{"0":0},"f":{},"b":{}}
,"/Users/amena/Desktop/inkWell/frontend/src/components/loading-skeleton.tsx": {"path":"/Users/amena/Desktop/inkWell/frontend/src/components/loading-skeleton.tsx","statementMap":{"0":{"start":{"line":58,"column":16},"end":{"line":58,"column":28}},"1":{"start":{"line":37,"column":16},"end":{"line":37,"column":38}},"2":{"start":{"line":21,"column":16},"end":{"line":21,"column":36}},"3":{"start":{"line":5,"column":16},"end":{"line":5,"column":29}},"4":{"start":{"line":3,"column":25},"end":{"line":3,"column":null}},"5":{"start":{"line":9,"column":8},"end":{"line":9,"column":21}},"6":{"start":{"line":25,"column":8},"end":{"line":25,"column":21}},"7":{"start":{"line":47,"column":12},"end":{"line":47,"column":30}},"8":{"start":{"line":67,"column":10},"end":{"line":67,"column":28}}},"fnMap":{"0":{"name":"StatsSkeleton","decl":{"start":{"line":5,"column":16},"end":{"line":5,"column":29}},"loc":{"start":{"line":5,"column":16},"end":{"line":19,"column":null}}},"1":{"name":"(anonymous_6)","decl":{"start":{"line":8,"column":28},"end":{"line":8,"column":29}},"loc":{"start":{"line":9,"column":8},"end":{"line":9,"column":21}}},"2":{"name":"DocumentListSkeleton","decl":{"start":{"line":21,"column":16},"end":{"line":21,"column":36}},"loc":{"start":{"line":21,"column":16},"end":{"line":35,"column":null}}},"3":{"name":"(anonymous_8)","decl":{"start":{"line":24,"column":28},"end":{"line":24,"column":29}},"loc":{"start":{"line":25,"column":8},"end":{"line":25,"column":21}}},"4":{"name":"DocumentEditorSkeleton","decl":{"start":{"line":37,"column":16},"end":{"line":37,"column":38}},"loc":{"start":{"line":37,"column":16},"end":{"line":56,"column":null}}},"5":{"name":"(anonymous_10)","decl":{"start":{"line":46,"column":33},"end":{"line":46,"column":34}},"loc":{"start":{"line":47,"column":12},"end":{"line":47,"column":30}}},"6":{"name":"CardSkeleton","decl":{"start":{"line":58,"column":16},"end":{"line":58,"column":28}},"loc":{"start":{"line":58,"column":16},"end":{"line":72,"column":null}}},"7":{"name":"(anonymous_12)","decl":{"start":{"line":66,"column":30},"end":{"line":66,"column":31}},"loc":{"start":{"line":67,"column":10},"end":{"line":67,"column":28}}}},"branchMap":{},"s":{"0":0,"1":0,"2":0,"3":0,"4":0,"5":0,"6":0,"7":0,"8":0},"f":{"0":0,"1":0,"2":0,"3":0,"4":0,"5":0,"6":0,"7":0},"b":{}}
,"/Users/amena/Desktop/inkWell/frontend/src/components/main-nav.tsx": {"path":"/Users/amena/Desktop/inkWell/frontend/src/components/main-nav.tsx","statementMap":{"0":{"start":{"line":11,"column":16},"end":{"line":11,"column":null}},"1":{"start":{"line":3,"column":23},"end":{"line":3,"column":null}},"2":{"start":{"line":4,"column":17},"end":{"line":4,"column":null}},"3":{"start":{"line":5,"column":28},"end":{"line":5,"column":null}},"4":{"start":{"line":6,"column":19},"end":{"line":6,"column":null}},"5":{"start":{"line":8,"column":22},"end":{"line":8,"column":null}},"6":{"start":{"line":9,"column":28},"end":{"line":9,"column":null}},"7":{"start":{"line":12,"column":19},"end":{"line":12,"column":null}},"8":{"start":{"line":14,"column":16},"end":{"line":25,"column":null}},"9":{"start":{"line":36,"column":12},"end":{"line":37,"column":null}}},"fnMap":{"0":{"name":"MainNav","decl":{"start":{"line":11,"column":16},"end":{"line":11,"column":null}},"loc":{"start":{"line":11,"column":16},"end":{"line":57,"column":null}}},"1":{"name":"(anonymous_6)","decl":{"start":{"line":35,"column":21},"end":{"line":35,"column":22}},"loc":{"start":{"line":36,"column":12},"end":{"line":37,"column":null}}}},"branchMap":{"0":{"loc":{"start":{"line":41,"column":16},"end":{"line":43,"column":null}},"type":"cond-expr","locations":[{"start":{"line":42,"column":20},"end":{"line":42,"column":null}},{"start":{"line":43,"column":20},"end":{"line":43,"column":null}}]}},"s":{"0":0,"1":0,"2":0,"3":0,"4":0,"5":0,"6":0,"7":0,"8":0,"9":0},"f":{"0":0,"1":0},"b":{"0":[0,0]}}
,"/Users/amena/Desktop/inkWell/frontend/src/components/matrix-dashboard.tsx": {"path":"/Users/amena/Desktop/inkWell/frontend/src/components/matrix-dashboard.tsx","statementMap":{"0":{"start":{"line":198,"column":16},"end":{"line":198,"column":29}},"1":{"start":{"line":40,"column":16},"end":{"line":40,"column":31}},"2":{"start":{"line":3,"column":109},"end":{"line":3,"column":null}},"3":{"start":{"line":14,"column":7},"end":{"line":14,"column":null}},"4":{"start":{"line":15,"column":7},"end":{"line":15,"column":null}},"5":{"start":{"line":16,"column":7},"end":{"line":16,"column":null}},"6":{"start":{"line":17,"column":19},"end":{"line":17,"column":null}},"7":{"start":{"line":20,"column":29},"end":{"line":20,"column":null}},"8":{"start":{"line":66,"column":32},"end":{"line":66,"column":null}},"9":{"start":{"line":67,"column":52},"end":{"line":67,"column":null}},"10":{"start":{"line":69,"column":29},"end":{"line":74,"column":null}},"11":{"start":{"line":71,"column":6},"end":{"line":71,"column":null}},"12":{"start":{"line":72,"column":6},"end":{"line":72,"column":null}},"13":{"start":{"line":77,"column":33},"end":{"line":82,"column":null}},"14":{"start":{"line":79,"column":6},"end":{"line":79,"column":null}},"15":{"start":{"line":80,"column":6},"end":{"line":80,"column":null}},"16":{"start":{"line":86,"column":26},"end":{"line":91,"column":null}},"17":{"start":{"line":88,"column":25},"end":{"line":88,"column":null}},"18":{"start":{"line":89,"column":6},"end":{"line":89,"column":null}},"19":{"start":{"line":94,"column":21},"end":{"line":99,"column":null}},"20":{"start":{"line":96,"column":25},"end":{"line":96,"column":null}},"21":{"start":{"line":97,"column":6},"end":{"line":97,"column":null}},"22":{"start":{"line":102,"column":25},"end":{"line":107,"column":null}},"23":{"start":{"line":104,"column":25},"end":{"line":104,"column":null}},"24":{"start":{"line":105,"column":6},"end":{"line":105,"column":null}},"25":{"start":{"line":110,"column":28},"end":{"line":115,"column":null}},"26":{"start":{"line":112,"column":25},"end":{"line":112,"column":null}},"27":{"start":{"line":113,"column":6},"end":{"line":113,"column":null}},"28":{"start":{"line":118,"column":23},"end":{"line":123,"column":null}},"29":{"start":{"line":120,"column":25},"end":{"line":120,"column":null}},"30":{"start":{"line":121,"column":6},"end":{"line":121,"column":null}},"31":{"start":{"line":126,"column":27},"end":{"line":131,"column":null}},"32":{"start":{"line":128,"column":25},"end":{"line":128,"column":null}},"33":{"start":{"line":129,"column":6},"end":{"line":129,"column":null}},"34":{"start":{"line":135,"column":21},"end":{"line":140,"column":null}},"35":{"start":{"line":137,"column":24},"end":{"line":137,"column":null}},"36":{"start":{"line":138,"column":6},"end":{"line":138,"column":null}},"37":{"start":{"line":143,"column":29},"end":{"line":148,"column":null}},"38":{"start":{"line":145,"column":24},"end":{"line":145,"column":null}},"39":{"start":{"line":146,"column":6},"end":{"line":146,"column":null}},"40":{"start":{"line":241,"column":18},"end":{"line":241,"column":null}},"41":{"start":{"line":242,"column":18},"end":{"line":242,"column":null}},"42":{"start":{"line":255,"column":18},"end":{"line":255,"column":null}},"43":{"start":{"line":256,"column":18},"end":{"line":256,"column":null}},"44":{"start":{"line":272,"column":18},"end":{"line":272,"column":null}},"45":{"start":{"line":273,"column":18},"end":{"line":273,"column":null}}},"fnMap":{"0":{"name":"MatrixDashboard","decl":{"start":{"line":40,"column":16},"end":{"line":40,"column":31}},"loc":{"start":{"line":65,"column":23},"end":{"line":184,"column":null}}},"1":{"name":"(anonymous_4)","decl":{"start":{"line":70,"column":4},"end":{"line":70,"column":5}},"loc":{"start":{"line":70,"column":13},"end":{"line":73,"column":null}}},"2":{"name":"(anonymous_5)","decl":{"start":{"line":78,"column":4},"end":{"line":78,"column":5}},"loc":{"start":{"line":78,"column":28},"end":{"line":81,"column":null}}},"3":{"name":"(anonymous_6)","decl":{"start":{"line":87,"column":4},"end":{"line":87,"column":5}},"loc":{"start":{"line":87,"column":51},"end":{"line":90,"column":null}}},"4":{"name":"(anonymous_7)","decl":{"start":{"line":95,"column":4},"end":{"line":95,"column":5}},"loc":{"start":{"line":95,"column":51},"end":{"line":98,"column":null}}},"5":{"name":"(anonymous_8)","decl":{"start":{"line":103,"column":4},"end":{"line":103,"column":5}},"loc":{"start":{"line":103,"column":51},"end":{"line":106,"column":null}}},"6":{"name":"(anonymous_9)","decl":{"start":{"line":111,"column":4},"end":{"line":111,"column":5}},"loc":{"start":{"line":111,"column":51},"end":{"line":114,"column":null}}},"7":{"name":"(anonymous_10)","decl":{"start":{"line":119,"column":4},"end":{"line":119,"column":5}},"loc":{"start":{"line":119,"column":51},"end":{"line":122,"column":null}}},"8":{"name":"(anonymous_11)","decl":{"start":{"line":127,"column":4},"end":{"line":127,"column":5}},"loc":{"start":{"line":127,"column":51},"end":{"line":130,"column":null}}},"9":{"name":"(anonymous_12)","decl":{"start":{"line":136,"column":4},"end":{"line":136,"column":5}},"loc":{"start":{"line":136,"column":19},"end":{"line":139,"column":null}}},"10":{"name":"(anonymous_13)","decl":{"start":{"line":144,"column":4},"end":{"line":144,"column":5}},"loc":{"start":{"line":144,"column":5},"end":{"line":147,"column":null}}},"11":{"name":"DashboardCard","decl":{"start":{"line":198,"column":16},"end":{"line":198,"column":29}},"loc":{"start":{"line":208,"column":21},"end":{"line":291,"column":null}}},"12":{"name":"(anonymous_15)","decl":{"start":{"line":240,"column":25},"end":{"line":240,"column":26}},"loc":{"start":{"line":240,"column":26},"end":{"line":243,"column":null}}},"13":{"name":"(anonymous_16)","decl":{"start":{"line":254,"column":25},"end":{"line":254,"column":26}},"loc":{"start":{"line":254,"column":26},"end":{"line":257,"column":null}}},"14":{"name":"(anonymous_17)","decl":{"start":{"line":271,"column":25},"end":{"line":271,"column":26}},"loc":{"start":{"line":271,"column":26},"end":{"line":274,"column":null}}}},"branchMap":{"0":{"loc":{"start":{"line":44,"column":2},"end":{"line":44,"column":16}},"type":"default-arg","locations":[{"start":{"line":44,"column":14},"end":{"line":44,"column":16}}]},"1":{"loc":{"start":{"line":45,"column":2},"end":{"line":45,"column":63}},"type":"default-arg","locations":[{"start":{"line":45,"column":16},"end":{"line":45,"column":63}}]},"2":{"loc":{"start":{"line":46,"column":2},"end":{"line":46,"column":49}},"type":"default-arg","locations":[{"start":{"line":46,"column":9},"end":{"line":46,"column":49}}]},"3":{"loc":{"start":{"line":47,"column":2},"end":{"line":47,"column":null}},"type":"default-arg","locations":[{"start":{"line":47,"column":21},"end":{"line":47,"column":null}}]},"4":{"loc":{"start":{"line":48,"column":2},"end":{"line":48,"column":null}},"type":"default-arg","locations":[{"start":{"line":48,"column":11},"end":{"line":48,"column":null}}]},"5":{"loc":{"start":{"line":49,"column":2},"end":{"line":49,"column":20}},"type":"default-arg","locations":[{"start":{"line":49,"column":16},"end":{"line":49,"column":20}}]},"6":{"loc":{"start":{"line":50,"column":2},"end":{"line":50,"column":20}},"type":"default-arg","locations":[{"start":{"line":50,"column":16},"end":{"line":50,"column":20}}]},"7":{"loc":{"start":{"line":51,"column":2},"end":{"line":51,"column":20}},"type":"default-arg","locations":[{"start":{"line":51,"column":16},"end":{"line":51,"column":20}}]},"8":{"loc":{"start":{"line":52,"column":2},"end":{"line":52,"column":26}},"type":"default-arg","locations":[{"start":{"line":52,"column":21},"end":{"line":52,"column":26}}]},"9":{"loc":{"start":{"line":53,"column":2},"end":{"line":53,"column":25}},"type":"default-arg","locations":[{"start":{"line":53,"column":21},"end":{"line":53,"column":25}}]},"10":{"loc":{"start":{"line":146,"column":13},"end":{"line":146,"column":null}},"type":"binary-expr","locations":[{"start":{"line":146,"column":13},"end":{"line":146,"column":44}},{"start":{"line":146,"column":44},"end":{"line":146,"column":null}}]},"11":{"loc":{"start":{"line":203,"column":2},"end":{"line":203,"column":19}},"type":"default-arg","locations":[{"start":{"line":203,"column":15},"end":{"line":203,"column":19}}]},"12":{"loc":{"start":{"line":207,"column":2},"end":{"line":207,"column":20}},"type":"default-arg","locations":[{"start":{"line":207,"column":16},"end":{"line":207,"column":20}}]},"13":{"loc":{"start":{"line":211,"column":7},"end":{"line":211,"column":null}},"type":"binary-expr","locations":[{"start":{"line":211,"column":7},"end":{"line":211,"column":null}}]},"14":{"loc":{"start":{"line":215,"column":12},"end":{"line":215,"column":null}},"type":"cond-expr","locations":[{"start":{"line":215,"column":26},"end":{"line":215,"column":42}},{"start":{"line":215,"column":42},"end":{"line":215,"column":null}}]},"15":{"loc":{"start":{"line":220,"column":13},"end":{"line":220,"column":null}},"type":"binary-expr","locations":[{"start":{"line":220,"column":13},"end":{"line":220,"column":null}}]},"16":{"loc":{"start":{"line":238,"column":13},"end":{"line":238,"column":null}},"type":"binary-expr","locations":[{"start":{"line":238,"column":13},"end":{"line":238,"column":null}}]},"17":{"loc":{"start":{"line":252,"column":13},"end":{"line":252,"column":null}},"type":"binary-expr","locations":[{"start":{"line":252,"column":13},"end":{"line":252,"column":null}}]},"18":{"loc":{"start":{"line":269,"column":13},"end":{"line":269,"column":null}},"type":"binary-expr","locations":[{"start":{"line":269,"column":13},"end":{"line":269,"column":null}}]}},"s":{"0":0,"1":0,"2":0,"3":0,"4":0,"5":0,"6":0,"7":0,"8":0,"9":0,"10":0,"11":0,"12":0,"13":0,"14":0,"15":0,"16":0,"17":0,"18":0,"19":0,"20":0,"21":0,"22":0,"23":0,"24":0,"25":0,"26":0,"27":0,"28":0,"29":0,"30":0,"31":0,"32":0,"33":0,"34":0,"35":0,"36":0,"37":0,"38":0,"39":0,"40":0,"41":0,"42":0,"43":0,"44":0,"45":0},"f":{"0":0,"1":0,"2":0,"3":0,"4":0,"5":0,"6":0,"7":0,"8":0,"9":0,"10":0,"11":0,"12":0,"13":0,"14":0},"b":{"0":[0],"1":[0],"2":[0],"3":[0],"4":[0],"5":[0],"6":[0],"7":[0],"8":[0],"9":[0],"10":[0,0],"11":[0],"12":[0],"13":[0],"14":[0,0],"15":[0],"16":[0],"17":[0],"18":[0]}}
,"/Users/amena/Desktop/inkWell/frontend/src/components/theme-provider.tsx": {"path":"/Users/amena/Desktop/inkWell/frontend/src/components/theme-provider.tsx","statementMap":{"0":{"start":{"line":7,"column":16},"end":{"line":7,"column":30}},"1":{"start":{"line":3,"column":23},"end":{"line":3,"column":null}},"2":{"start":{"line":4,"column":52},"end":{"line":4,"column":null}}},"fnMap":{"0":{"name":"ThemeProvider","decl":{"start":{"line":7,"column":16},"end":{"line":7,"column":30}},"loc":{"start":{"line":7,"column":109},"end":{"line":19,"column":null}}}},"branchMap":{},"s":{"0":0,"1":0,"2":0},"f":{"0":0},"b":{}}
,"/Users/amena/Desktop/inkWell/frontend/src/components/theme-toggle.tsx": {"path":"/Users/amena/Desktop/inkWell/frontend/src/components/theme-toggle.tsx","statementMap":{"0":{"start":{"line":15,"column":16},"end":{"line":15,"column":null}},"1":{"start":{"line":3,"column":23},"end":{"line":3,"column":null}},"2":{"start":{"line":4,"column":26},"end":{"line":4,"column":null}},"3":{"start":{"line":5,"column":25},"end":{"line":5,"column":null}},"4":{"start":{"line":7,"column":23},"end":{"line":7,"column":null}},"5":{"start":{"line":13,"column":7},"end":{"line":13,"column":null}},"6":{"start":{"line":16,"column":23},"end":{"line":16,"column":null}},"7":{"start":{"line":28,"column":41},"end":{"line":28,"column":60}},"8":{"start":{"line":31,"column":41},"end":{"line":31,"column":59}},"9":{"start":{"line":34,"column":41},"end":{"line":34,"column":61}}},"fnMap":{"0":{"name":"ThemeToggle","decl":{"start":{"line":15,"column":16},"end":{"line":15,"column":null}},"loc":{"start":{"line":15,"column":16},"end":{"line":40,"column":null}}},"1":{"name":"(anonymous_5)","decl":{"start":{"line":28,"column":35},"end":{"line":28,"column":41}},"loc":{"start":{"line":28,"column":41},"end":{"line":28,"column":60}}},"2":{"name":"(anonymous_6)","decl":{"start":{"line":31,"column":35},"end":{"line":31,"column":41}},"loc":{"start":{"line":31,"column":41},"end":{"line":31,"column":59}}},"3":{"name":"(anonymous_7)","decl":{"start":{"line":34,"column":35},"end":{"line":34,"column":41}},"loc":{"start":{"line":34,"column":41},"end":{"line":34,"column":61}}}},"branchMap":{},"s":{"0":4,"1":1,"2":1,"3":1,"4":1,"5":1,"6":0,"7":0,"8":0,"9":0},"f":{"0":0,"1":0,"2":0,"3":0},"b":{}}
,"/Users/amena/Desktop/inkWell/frontend/src/components/auth/protected-route.tsx": {"path":"/Users/amena/Desktop/inkWell/frontend/src/components/auth/protected-route.tsx","statementMap":{"0":{"start":{"line":8,"column":24},"end":{"line":8,"column":39}},"1":{"start":{"line":3,"column":26},"end":{"line":3,"column":null}},"2":{"start":{"line":4,"column":26},"end":{"line":4,"column":null}},"3":{"start":{"line":5,"column":24},"end":{"line":5,"column":null}},"4":{"start":{"line":6,"column":24},"end":{"line":6,"column":null}},"5":{"start":{"line":13,"column":17},"end":{"line":13,"column":null}},"6":{"start":{"line":14,"column":30},"end":{"line":14,"column":null}},"7":{"start":{"line":16,"column":2},"end":{"line":20,"column":null}},"8":{"start":{"line":17,"column":4},"end":{"line":19,"column":null}},"9":{"start":{"line":18,"column":6},"end":{"line":18,"column":null}},"10":{"start":{"line":22,"column":2},"end":{"line":31,"column":null}}},"fnMap":{"0":{"name":"ProtectedRoute","decl":{"start":{"line":8,"column":24},"end":{"line":8,"column":39}},"loc":{"start":{"line":12,"column":1},"end":{"line":34,"column":null}}},"1":{"name":"(anonymous_2)","decl":{"start":{"line":16,"column":12},"end":{"line":16,"column":null}},"loc":{"start":{"line":16,"column":12},"end":{"line":20,"column":5}}}},"branchMap":{"0":{"loc":{"start":{"line":17,"column":4},"end":{"line":19,"column":null}},"type":"if","locations":[{"start":{"line":17,"column":4},"end":{"line":19,"column":null}}]},"1":{"loc":{"start":{"line":17,"column":8},"end":{"line":17,"column":29}},"type":"binary-expr","locations":[{"start":{"line":17,"column":8},"end":{"line":17,"column":22}},{"start":{"line":17,"column":22},"end":{"line":17,"column":29}}]},"2":{"loc":{"start":{"line":22,"column":2},"end":{"line":31,"column":null}},"type":"if","locations":[{"start":{"line":22,"column":2},"end":{"line":31,"column":null}}]},"3":{"loc":{"start":{"line":22,"column":6},"end":{"line":22,"column":26}},"type":"binary-expr","locations":[{"start":{"line":22,"column":6},"end":{"line":22,"column":19}},{"start":{"line":22,"column":19},"end":{"line":22,"column":26}}]}},"s":{"0":0,"1":0,"2":0,"3":0,"4":0,"5":0,"6":0,"7":0,"8":0,"9":0,"10":0},"f":{"0":0,"1":0},"b":{"0":[0],"1":[0,0],"2":[0],"3":[0,0]}}
,"/Users/amena/Desktop/inkWell/frontend/src/components/dashboard/activity-timeline.tsx": {"path":"/Users/amena/Desktop/inkWell/frontend/src/components/dashboard/activity-timeline.tsx","statementMap":{"0":{"start":{"line":56,"column":16},"end":{"line":56,"column":33}},"1":{"start":{"line":3,"column":36},"end":{"line":3,"column":null}},"2":{"start":{"line":4,"column":25},"end":{"line":4,"column":null}},"3":{"start":{"line":5,"column":27},"end":{"line":5,"column":null}},"4":{"start":{"line":23,"column":24},"end":{"line":36,"column":null}},"5":{"start":{"line":24,"column":2},"end":{"line":35,"column":null}},"6":{"start":{"line":26,"column":6},"end":{"line":26,"column":null}},"7":{"start":{"line":28,"column":6},"end":{"line":28,"column":null}},"8":{"start":{"line":30,"column":6},"end":{"line":30,"column":null}},"9":{"start":{"line":32,"column":6},"end":{"line":32,"column":null}},"10":{"start":{"line":34,"column":6},"end":{"line":34,"column":null}},"11":{"start":{"line":38,"column":24},"end":{"line":54,"column":null}},"12":{"start":{"line":39,"column":40},"end":{"line":39,"column":null}},"13":{"start":{"line":40,"column":19},"end":{"line":40,"column":null}},"14":{"start":{"line":42,"column":2},"end":{"line":53,"column":null}},"15":{"start":{"line":44,"column":6},"end":{"line":44,"column":null}},"16":{"start":{"line":46,"column":6},"end":{"line":46,"column":null}},"17":{"start":{"line":48,"column":6},"end":{"line":48,"column":null}},"18":{"start":{"line":50,"column":6},"end":{"line":50,"column":null}},"19":{"start":{"line":52,"column":6},"end":{"line":52,"column":null}},"20":{"start":{"line":57,"column":2},"end":{"line":71,"column":null}},"21":{"start":{"line":61,"column":10},"end":{"line":61,"column":23}},"22":{"start":{"line":73,"column":2},"end":{"line":79,"column":null}},"23":{"start":{"line":84,"column":8},"end":{"line":84,"column":31}}},"fnMap":{"0":{"name":"(anonymous_1)","decl":{"start":{"line":23,"column":24},"end":{"line":23,"column":25}},"loc":{"start":{"line":23,"column":25},"end":{"line":36,"column":null}}},"1":{"name":"(anonymous_2)","decl":{"start":{"line":38,"column":24},"end":{"line":38,"column":25}},"loc":{"start":{"line":38,"column":25},"end":{"line":54,"column":null}}},"2":{"name":"ActivityTimeline","decl":{"start":{"line":56,"column":16},"end":{"line":56,"column":33}},"loc":{"start":{"line":56,"column":87},"end":{"line":105,"column":null}}},"3":{"name":"(anonymous_4)","decl":{"start":{"line":60,"column":27},"end":{"line":60,"column":28}},"loc":{"start":{"line":61,"column":10},"end":{"line":61,"column":23}}},"4":{"name":"(anonymous_5)","decl":{"start":{"line":83,"column":22},"end":{"line":83,"column":23}},"loc":{"start":{"line":84,"column":8},"end":{"line":84,"column":31}}}},"branchMap":{"0":{"loc":{"start":{"line":24,"column":2},"end":{"line":35,"column":null}},"type":"switch","locations":[{"start":{"line":25,"column":4},"end":{"line":26,"column":null}},{"start":{"line":27,"column":4},"end":{"line":28,"column":null}},{"start":{"line":29,"column":4},"end":{"line":30,"column":null}},{"start":{"line":31,"column":4},"end":{"line":32,"column":null}},{"start":{"line":33,"column":4},"end":{"line":34,"column":null}}]},"1":{"loc":{"start":{"line":40,"column":19},"end":{"line":40,"column":null}},"type":"binary-expr","locations":[{"start":{"line":40,"column":19},"end":{"line":40,"column":33}},{"start":{"line":40,"column":33},"end":{"line":40,"column":null}}]},"2":{"loc":{"start":{"line":42,"column":2},"end":{"line":53,"column":null}},"type":"switch","locations":[{"start":{"line":43,"column":4},"end":{"line":44,"column":null}},{"start":{"line":45,"column":4},"end":{"line":46,"column":null}},{"start":{"line":47,"column":4},"end":{"line":48,"column":null}},{"start":{"line":49,"column":4},"end":{"line":50,"column":null}},{"start":{"line":51,"column":4},"end":{"line":52,"column":null}}]},"3":{"loc":{"start":{"line":56,"column":47},"end":{"line":56,"column":62}},"type":"default-arg","locations":[{"start":{"line":56,"column":57},"end":{"line":56,"column":62}}]},"4":{"loc":{"start":{"line":57,"column":2},"end":{"line":71,"column":null}},"type":"if","locations":[{"start":{"line":57,"column":2},"end":{"line":71,"column":null}}]},"5":{"loc":{"start":{"line":73,"column":2},"end":{"line":79,"column":null}},"type":"if","locations":[{"start":{"line":73,"column":2},"end":{"line":79,"column":null}}]}},"s":{"0":0,"1":0,"2":0,"3":0,"4":0,"5":0,"6":0,"7":0,"8":0,"9":0,"10":0,"11":0,"12":0,"13":0,"14":0,"15":0,"16":0,"17":0,"18":0,"19":0,"20":0,"21":0,"22":0,"23":0},"f":{"0":0,"1":0,"2":0,"3":0,"4":0},"b":{"0":[0,0,0,0,0],"1":[0,0],"2":[0,0,0,0,0],"3":[0],"4":[0],"5":[0]}}
,"/Users/amena/Desktop/inkWell/frontend/src/components/dashboard/document-stats.tsx": {"path":"/Users/amena/Desktop/inkWell/frontend/src/components/dashboard/document-stats.tsx","statementMap":{"0":{"start":{"line":19,"column":16},"end":{"line":19,"column":30}},"1":{"start":{"line":3,"column":97},"end":{"line":3,"column":null}},"2":{"start":{"line":4,"column":25},"end":{"line":4,"column":null}},"3":{"start":{"line":20,"column":2},"end":{"line":22,"column":null}},"4":{"start":{"line":25,"column":21},"end":{"line":29,"column":null}},"5":{"start":{"line":26,"column":52},"end":{"line":26,"column":76}},"6":{"start":{"line":27,"column":56},"end":{"line":27,"column":84}},"7":{"start":{"line":28,"column":55},"end":{"line":28,"column":82}},"8":{"start":{"line":32,"column":23},"end":{"line":34,"column":null}},"9":{"start":{"line":33,"column":20},"end":{"line":33,"column":37}}},"fnMap":{"0":{"name":"DocumentStats","decl":{"start":{"line":19,"column":16},"end":{"line":19,"column":30}},"loc":{"start":{"line":19,"column":80},"end":{"line":58,"column":null}}},"1":{"name":"(anonymous_2)","decl":{"start":{"line":26,"column":45},"end":{"line":26,"column":52}},"loc":{"start":{"line":26,"column":52},"end":{"line":26,"column":76}}},"2":{"name":"(anonymous_3)","decl":{"start":{"line":27,"column":49},"end":{"line":27,"column":56}},"loc":{"start":{"line":27,"column":56},"end":{"line":27,"column":84}}},"3":{"name":"(anonymous_4)","decl":{"start":{"line":28,"column":48},"end":{"line":28,"column":55}},"loc":{"start":{"line":28,"column":55},"end":{"line":28,"column":82}}},"4":{"name":"(anonymous_5)","decl":{"start":{"line":33,"column":10},"end":{"line":33,"column":11}},"loc":{"start":{"line":33,"column":20},"end":{"line":33,"column":37}}}},"branchMap":{"0":{"loc":{"start":{"line":19,"column":43},"end":{"line":19,"column":58}},"type":"default-arg","locations":[{"start":{"line":19,"column":53},"end":{"line":19,"column":58}}]},"1":{"loc":{"start":{"line":20,"column":2},"end":{"line":22,"column":null}},"type":"if","locations":[{"start":{"line":20,"column":2},"end":{"line":22,"column":null}}]}},"s":{"0":0,"1":0,"2":0,"3":0,"4":0,"5":0,"6":0,"7":0,"8":0,"9":0},"f":{"0":0,"1":0,"2":0,"3":0,"4":0},"b":{"0":[0],"1":[0]}}
,"/Users/amena/Desktop/inkWell/frontend/src/components/dashboard/metric-card.tsx": {"path":"/Users/amena/Desktop/inkWell/frontend/src/components/dashboard/metric-card.tsx","statementMap":{"0":{"start":{"line":17,"column":16},"end":{"line":17,"column":27}},"1":{"start":{"line":1,"column":64},"end":{"line":1,"column":null}},"2":{"start":{"line":2,"column":57},"end":{"line":2,"column":null}},"3":{"start":{"line":3,"column":25},"end":{"line":3,"column":null}},"4":{"start":{"line":25,"column":21},"end":{"line":25,"column":null}},"5":{"start":{"line":26,"column":20},"end":{"line":26,"column":86}},"6":{"start":{"line":27,"column":21},"end":{"line":27,"column":null}},"7":{"start":{"line":29,"column":2},"end":{"line":42,"column":null}}},"fnMap":{"0":{"name":"MetricCard","decl":{"start":{"line":17,"column":16},"end":{"line":17,"column":27}},"loc":{"start":{"line":24,"column":18},"end":{"line":66,"column":null}}}},"branchMap":{"0":{"loc":{"start":{"line":22,"column":2},"end":{"line":22,"column":14}},"type":"default-arg","locations":[{"start":{"line":22,"column":10},"end":{"line":22,"column":14}}]},"1":{"loc":{"start":{"line":23,"column":2},"end":{"line":23,"column":17}},"type":"default-arg","locations":[{"start":{"line":23,"column":12},"end":{"line":23,"column":17}}]},"2":{"loc":{"start":{"line":25,"column":21},"end":{"line":25,"column":null}},"type":"binary-expr","locations":[{"start":{"line":25,"column":21},"end":{"line":25,"column":37}},{"start":{"line":25,"column":37},"end":{"line":25,"column":null}}]},"3":{"loc":{"start":{"line":26,"column":20},"end":{"line":26,"column":86}},"type":"cond-expr","locations":[{"start":{"line":26,"column":37},"end":{"line":26,"column":44}},{"start":{"line":26,"column":47},"end":{"line":26,"column":86}}]},"4":{"loc":{"start":{"line":26,"column":47},"end":{"line":26,"column":86}},"type":"cond-expr","locations":[{"start":{"line":26,"column":64},"end":{"line":26,"column":73}},{"start":{"line":26,"column":76},"end":{"line":26,"column":86}}]},"5":{"loc":{"start":{"line":27,"column":21},"end":{"line":27,"column":null}},"type":"cond-expr","locations":[{"start":{"line":27,"column":38},"end":{"line":27,"column":57}},{"start":{"line":27,"column":57},"end":{"line":27,"column":null}}]},"6":{"loc":{"start":{"line":27,"column":57},"end":{"line":27,"column":null}},"type":"cond-expr","locations":[{"start":{"line":27,"column":74},"end":{"line":27,"column":91}},{"start":{"line":27,"column":91},"end":{"line":27,"column":null}}]},"7":{"loc":{"start":{"line":29,"column":2},"end":{"line":42,"column":null}},"type":"if","locations":[{"start":{"line":29,"column":2},"end":{"line":42,"column":null}}]},"8":{"loc":{"start":{"line":54,"column":9},"end":{"line":54,"column":null}},"type":"binary-expr","locations":[{"start":{"line":54,"column":9},"end":{"line":54,"column":null}}]},"9":{"loc":{"start":{"line":60,"column":9},"end":{"line":60,"column":null}},"type":"binary-expr","locations":[{"start":{"line":60,"column":9},"end":{"line":60,"column":null}}]}},"s":{"0":0,"1":0,"2":0,"3":0,"4":0,"5":0,"6":0,"7":0},"f":{"0":0},"b":{"0":[0],"1":[0],"2":[0,0],"3":[0,0],"4":[0,0],"5":[0,0],"6":[0,0],"7":[0],"8":[0],"9":[0]}}
,"/Users/amena/Desktop/inkWell/frontend/src/components/dashboard/recent-documents.tsx": {"path":"/Users/amena/Desktop/inkWell/frontend/src/components/dashboard/recent-documents.tsx","statementMap":{"0":{"start":{"line":25,"column":16},"end":{"line":25,"column":32}},"1":{"start":{"line":4,"column":30},"end":{"line":4,"column":null}},"2":{"start":{"line":5,"column":17},"end":{"line":5,"column":null}},"3":{"start":{"line":6,"column":25},"end":{"line":6,"column":null}},"4":{"start":{"line":7,"column":23},"end":{"line":7,"column":null}},"5":{"start":{"line":8,"column":44},"end":{"line":8,"column":null}},"6":{"start":{"line":9,"column":19},"end":{"line":9,"column":null}},"7":{"start":{"line":10,"column":18},"end":{"line":10,"column":null}},"8":{"start":{"line":26,"column":2},"end":{"line":43,"column":null}},"9":{"start":{"line":30,"column":10},"end":{"line":30,"column":23}},"10":{"start":{"line":45,"column":2},"end":{"line":55,"column":null}},"11":{"start":{"line":60,"column":8},"end":{"line":60,"column":31}}},"fnMap":{"0":{"name":"RecentDocuments","decl":{"start":{"line":25,"column":16},"end":{"line":25,"column":32}},"loc":{"start":{"line":25,"column":84},"end":{"line":98,"column":null}}},"1":{"name":"(anonymous_3)","decl":{"start":{"line":29,"column":27},"end":{"line":29,"column":28}},"loc":{"start":{"line":30,"column":10},"end":{"line":30,"column":23}}},"2":{"name":"(anonymous_4)","decl":{"start":{"line":59,"column":21},"end":{"line":59,"column":22}},"loc":{"start":{"line":60,"column":8},"end":{"line":60,"column":31}}}},"branchMap":{"0":{"loc":{"start":{"line":25,"column":45},"end":{"line":25,"column":60}},"type":"default-arg","locations":[{"start":{"line":25,"column":55},"end":{"line":25,"column":60}}]},"1":{"loc":{"start":{"line":26,"column":2},"end":{"line":43,"column":null}},"type":"if","locations":[{"start":{"line":26,"column":2},"end":{"line":43,"column":null}}]},"2":{"loc":{"start":{"line":45,"column":2},"end":{"line":55,"column":null}},"type":"if","locations":[{"start":{"line":45,"column":2},"end":{"line":55,"column":null}}]}},"s":{"0":0,"1":0,"2":0,"3":0,"4":0,"5":0,"6":0,"7":0,"8":0,"9":0,"10":0,"11":0},"f":{"0":0,"1":0,"2":0},"b":{"0":[0],"1":[0],"2":[0]}}
,"/Users/amena/Desktop/inkWell/frontend/src/components/dashboard/user-avatar.tsx": {"path":"/Users/amena/Desktop/inkWell/frontend/src/components/dashboard/user-avatar.tsx","statementMap":{"0":{"start":{"line":10,"column":16},"end":{"line":10,"column":27}},"1":{"start":{"line":1,"column":19},"end":{"line":1,"column":null}},"2":{"start":{"line":2,"column":18},"end":{"line":2,"column":null}},"3":{"start":{"line":11,"column":19},"end":{"line":16,"column":null}},"4":{"start":{"line":13,"column":16},"end":{"line":13,"column":20}},"5":{"start":{"line":18,"column":2},"end":{"line":30,"column":null}}},"fnMap":{"0":{"name":"UserAvatar","decl":{"start":{"line":10,"column":16},"end":{"line":10,"column":27}},"loc":{"start":{"line":10,"column":71},"end":{"line":43,"column":null}}},"1":{"name":"(anonymous_3)","decl":{"start":{"line":13,"column":9},"end":{"line":13,"column":10}},"loc":{"start":{"line":13,"column":16},"end":{"line":13,"column":20}}}},"branchMap":{"0":{"loc":{"start":{"line":18,"column":2},"end":{"line":30,"column":null}},"type":"if","locations":[{"start":{"line":18,"column":2},"end":{"line":30,"column":null}}]}},"s":{"0":0,"1":0,"2":0,"3":0,"4":0,"5":0},"f":{"0":0,"1":0},"b":{"0":[0]}}
,"/Users/amena/Desktop/inkWell/frontend/src/components/editor/document-editor.tsx": {"path":"/Users/amena/Desktop/inkWell/frontend/src/components/editor/document-editor.tsx","statementMap":{"0":{"start":{"line":36,"column":16},"end":{"line":36,"column":31}},"1":{"start":{"line":3,"column":66},"end":{"line":3,"column":null}},"2":{"start":{"line":4,"column":26},"end":{"line":4,"column":null}},"3":{"start":{"line":5,"column":54},"end":{"line":5,"column":null}},"4":{"start":{"line":6,"column":28},"end":{"line":6,"column":null}},"5":{"start":{"line":7,"column":22},"end":{"line":7,"column":null}},"6":{"start":{"line":8,"column":23},"end":{"line":8,"column":null}},"7":{"start":{"line":9,"column":22},"end":{"line":9,"column":null}},"8":{"start":{"line":10,"column":28},"end":{"line":10,"column":null}},"9":{"start":{"line":11,"column":20},"end":{"line":11,"column":null}},"10":{"start":{"line":15,"column":8},"end":{"line":15,"column":null}},"11":{"start":{"line":15,"column":8},"end":{"line":15,"column":36}},"12":{"start":{"line":15,"column":50},"end":{"line":15,"column":63}},"13":{"start":{"line":22,"column":26},"end":{"line":28,"column":null}},"14":{"start":{"line":23,"column":8},"end":{"line":23,"column":null}},"15":{"start":{"line":23,"column":8},"end":{"line":23,"column":36}},"16":{"start":{"line":23,"column":50},"end":{"line":23,"column":null}},"17":{"start":{"line":24,"column":8},"end":{"line":24,"column":null}},"18":{"start":{"line":24,"column":8},"end":{"line":24,"column":36}},"19":{"start":{"line":24,"column":50},"end":{"line":24,"column":null}},"20":{"start":{"line":25,"column":8},"end":{"line":25,"column":null}},"21":{"start":{"line":25,"column":8},"end":{"line":25,"column":36}},"22":{"start":{"line":25,"column":50},"end":{"line":25,"column":null}},"23":{"start":{"line":26,"column":8},"end":{"line":26,"column":null}},"24":{"start":{"line":26,"column":8},"end":{"line":26,"column":36}},"25":{"start":{"line":26,"column":50},"end":{"line":26,"column":null}},"26":{"start":{"line":27,"column":8},"end":{"line":27,"column":null}},"27":{"start":{"line":27,"column":8},"end":{"line":27,"column":36}},"28":{"start":{"line":27,"column":50},"end":{"line":27,"column":null}},"29":{"start":{"line":41,"column":17},"end":{"line":41,"column":null}},"30":{"start":{"line":42,"column":22},"end":{"line":42,"column":null}},"31":{"start":{"line":43,"column":28},"end":{"line":43,"column":null}},"32":{"start":{"line":44,"column":32},"end":{"line":44,"column":null}},"33":{"start":{"line":45,"column":29},"end":{"line":45,"column":null}},"34":{"start":{"line":46,"column":23},"end":{"line":46,"column":null}},"35":{"start":{"line":49,"column":40},"end":{"line":60,"column":null}},"36":{"start":{"line":51,"column":19},"end":{"line":51,"column":null}},"37":{"start":{"line":54,"column":6},"end":{"line":58,"column":null}},"38":{"start":{"line":55,"column":8},"end":{"line":55,"column":null}},"39":{"start":{"line":56,"column":8},"end":{"line":56,"column":null}},"40":{"start":{"line":57,"column":8},"end":{"line":57,"column":null}},"41":{"start":{"line":63,"column":35},"end":{"line":88,"column":null}},"42":{"start":{"line":65,"column":6},"end":{"line":71,"column":null}},"43":{"start":{"line":66,"column":8},"end":{"line":66,"column":null}},"44":{"start":{"line":68,"column":23},"end":{"line":68,"column":null}},"45":{"start":{"line":69,"column":8},"end":{"line":69,"column":null}},"46":{"start":{"line":70,"column":8},"end":{"line":70,"column":null}},"47":{"start":{"line":74,"column":6},"end":{"line":74,"column":null}},"48":{"start":{"line":75,"column":6},"end":{"line":75,"column":null}},"49":{"start":{"line":76,"column":6},"end":{"line":79,"column":null}},"50":{"start":{"line":82,"column":6},"end":{"line":86,"column":null}},"51":{"start":{"line":91,"column":2},"end":{"line":95,"column":null}},"52":{"start":{"line":92,"column":4},"end":{"line":94,"column":null}},"53":{"start":{"line":93,"column":6},"end":{"line":93,"column":null}},"54":{"start":{"line":98,"column":21},"end":{"line":100,"column":null}},"55":{"start":{"line":99,"column":4},"end":{"line":99,"column":null}},"56":{"start":{"line":103,"column":28},"end":{"line":105,"column":null}},"57":{"start":{"line":104,"column":4},"end":{"line":104,"column":null}},"58":{"start":{"line":108,"column":30},"end":{"line":110,"column":null}},"59":{"start":{"line":109,"column":4},"end":{"line":109,"column":null}},"60":{"start":{"line":113,"column":44},"end":{"line":113,"column":null}},"61":{"start":{"line":115,"column":2},"end":{"line":121,"column":null}},"62":{"start":{"line":116,"column":24},"end":{"line":119,"column":null}},"63":{"start":{"line":117,"column":21},"end":{"line":117,"column":null}},"64":{"start":{"line":117,"column":61},"end":{"line":117,"column":null}},"65":{"start":{"line":118,"column":6},"end":{"line":118,"column":null}},"66":{"start":{"line":120,"column":4},"end":{"line":120,"column":null}},"67":{"start":{"line":123,"column":2},"end":{"line":125,"column":null}}},"fnMap":{"0":{"name":"(anonymous_5)","decl":{"start":{"line":15,"column":2},"end":{"line":15,"column":8}},"loc":{"start":{"line":15,"column":8},"end":{"line":15,"column":null}}},"1":{"name":"(anonymous_6)","decl":{"start":{"line":15,"column":8},"end":{"line":15,"column":15}},"loc":{"start":{"line":15,"column":8},"end":{"line":15,"column":36}}},"2":{"name":"(anonymous_7)","decl":{"start":{"line":15,"column":41},"end":{"line":15,"column":42}},"loc":{"start":{"line":15,"column":50},"end":{"line":15,"column":63}}},"3":{"name":"(anonymous_10)","decl":{"start":{"line":23,"column":2},"end":{"line":23,"column":8}},"loc":{"start":{"line":23,"column":8},"end":{"line":23,"column":null}}},"4":{"name":"(anonymous_11)","decl":{"start":{"line":23,"column":8},"end":{"line":23,"column":15}},"loc":{"start":{"line":23,"column":8},"end":{"line":23,"column":36}}},"5":{"name":"(anonymous_12)","decl":{"start":{"line":23,"column":41},"end":{"line":23,"column":42}},"loc":{"start":{"line":23,"column":50},"end":{"line":23,"column":null}}},"6":{"name":"(anonymous_13)","decl":{"start":{"line":24,"column":2},"end":{"line":24,"column":8}},"loc":{"start":{"line":24,"column":8},"end":{"line":24,"column":null}}},"7":{"name":"(anonymous_14)","decl":{"start":{"line":24,"column":8},"end":{"line":24,"column":15}},"loc":{"start":{"line":24,"column":8},"end":{"line":24,"column":36}}},"8":{"name":"(anonymous_15)","decl":{"start":{"line":24,"column":41},"end":{"line":24,"column":42}},"loc":{"start":{"line":24,"column":50},"end":{"line":24,"column":null}}},"9":{"name":"(anonymous_16)","decl":{"start":{"line":25,"column":2},"end":{"line":25,"column":8}},"loc":{"start":{"line":25,"column":8},"end":{"line":25,"column":null}}},"10":{"name":"(anonymous_17)","decl":{"start":{"line":25,"column":8},"end":{"line":25,"column":15}},"loc":{"start":{"line":25,"column":8},"end":{"line":25,"column":36}}},"11":{"name":"(anonymous_18)","decl":{"start":{"line":25,"column":41},"end":{"line":25,"column":42}},"loc":{"start":{"line":25,"column":50},"end":{"line":25,"column":null}}},"12":{"name":"(anonymous_19)","decl":{"start":{"line":26,"column":2},"end":{"line":26,"column":8}},"loc":{"start":{"line":26,"column":8},"end":{"line":26,"column":null}}},"13":{"name":"(anonymous_20)","decl":{"start":{"line":26,"column":8},"end":{"line":26,"column":15}},"loc":{"start":{"line":26,"column":8},"end":{"line":26,"column":36}}},"14":{"name":"(anonymous_21)","decl":{"start":{"line":26,"column":41},"end":{"line":26,"column":42}},"loc":{"start":{"line":26,"column":50},"end":{"line":26,"column":null}}},"15":{"name":"(anonymous_22)","decl":{"start":{"line":27,"column":2},"end":{"line":27,"column":8}},"loc":{"start":{"line":27,"column":8},"end":{"line":27,"column":null}}},"16":{"name":"(anonymous_23)","decl":{"start":{"line":27,"column":8},"end":{"line":27,"column":15}},"loc":{"start":{"line":27,"column":8},"end":{"line":27,"column":36}}},"17":{"name":"(anonymous_24)","decl":{"start":{"line":27,"column":41},"end":{"line":27,"column":42}},"loc":{"start":{"line":27,"column":50},"end":{"line":27,"column":null}}},"18":{"name":"DocumentEditor","decl":{"start":{"line":36,"column":16},"end":{"line":36,"column":31}},"loc":{"start":{"line":40,"column":22},"end":{"line":151,"column":null}}},"19":{"name":"(anonymous_26)","decl":{"start":{"line":51,"column":13},"end":{"line":51,"column":19}},"loc":{"start":{"line":51,"column":19},"end":{"line":51,"column":null}}},"20":{"name":"(anonymous_27)","decl":{"start":{"line":53,"column":15},"end":{"line":53,"column":16}},"loc":{"start":{"line":53,"column":16},"end":{"line":59,"column":null}}},"21":{"name":"(anonymous_28)","decl":{"start":{"line":64,"column":16},"end":{"line":64,"column":23}},"loc":{"start":{"line":64,"column":77},"end":{"line":72,"column":null}}},"22":{"name":"(anonymous_29)","decl":{"start":{"line":73,"column":15},"end":{"line":73,"column":null}},"loc":{"start":{"line":73,"column":15},"end":{"line":80,"column":null}}},"23":{"name":"(anonymous_30)","decl":{"start":{"line":81,"column":13},"end":{"line":81,"column":null}},"loc":{"start":{"line":81,"column":13},"end":{"line":87,"column":null}}},"24":{"name":"(anonymous_31)","decl":{"start":{"line":91,"column":12},"end":{"line":91,"column":null}},"loc":{"start":{"line":91,"column":12},"end":{"line":95,"column":5}}},"25":{"name":"
[...]
e":69,"column":6},"end":{"line":69,"column":null}},"10":{"start":{"line":70,"column":6},"end":{"line":73,"column":null}},"11":{"start":{"line":71,"column":8},"end":{"line":71,"column":null}},"12":{"start":{"line":72,"column":8},"end":{"line":72,"column":null}},"13":{"start":{"line":74,"column":6},"end":{"line":74,"column":null}},"14":{"start":{"line":77,"column":6},"end":{"line":77,"column":null}},"15":{"start":{"line":78,"column":28},"end":{"line":83,"column":null}},"16":{"start":{"line":84,"column":6},"end":{"line":84,"column":null}},"17":{"start":{"line":85,"column":6},"end":{"line":85,"column":null}},"18":{"start":{"line":88,"column":6},"end":{"line":88,"column":null}},"19":{"start":{"line":89,"column":20},"end":{"line":92,"column":23}},"20":{"start":{"line":91,"column":21},"end":{"line":91,"column":null}},"21":{"start":{"line":94,"column":6},"end":{"line":96,"column":null}},"22":{"start":{"line":95,"column":8},"end":{"line":95,"column":null}},"23":{"start":{"line":97,"column":6},"end":{"line":97,"column":null}},"24":{"start":{"line":100,"column":6},"end":{"line":100,"column":null}},"25":{"start":{"line":101,"column":6},"end":{"line":101,"column":null}},"26":{"start":{"line":102,"column":6},"end":{"line":102,"column":null}},"27":{"start":{"line":107,"column":6},"end":{"line":107,"column":null}},"28":{"start":{"line":108,"column":6},"end":{"line":108,"column":null}},"29":{"start":{"line":111,"column":6},"end":{"line":111,"column":null}},"30":{"start":{"line":112,"column":18},"end":{"line":112,"column":null}},"31":{"start":{"line":112,"column":44},"end":{"line":112,"column":null}},"32":{"start":{"line":113,"column":6},"end":{"line":113,"column":null}},"33":{"start":{"line":113,"column":16},"end":{"line":113,"column":null}},"34":{"start":{"line":114,"column":6},"end":{"line":114,"column":null}},"35":{"start":{"line":119,"column":6},"end":{"line":119,"column":null}},"36":{"start":{"line":120,"column":6},"end":{"line":120,"column":null}},"37":{"start":{"line":123,"column":6},"end":{"line":123,"column":null}},"38":{"start":{"line":124,"column":27},"end":{"line":124,"column":null}},"39":{"start":{"line":124,"column":55},"end":{"line":124,"column":null}},"40":{"start":{"line":125,"column":6},"end":{"line":127,"column":null}},"41":{"start":{"line":126,"column":8},"end":{"line":126,"column":null}},"42":{"start":{"line":128,"column":6},"end":{"line":128,"column":null}},"43":{"start":{"line":133,"column":15},"end":{"line":133,"column":29}}},"fnMap":{"0":{"name":"(anonymous_3)","decl":{"start":{"line":63,"column":14},"end":{"line":63,"column":15}},"loc":{"start":{"line":63,"column":45},"end":{"line":63,"column":null}}},"1":{"name":"(anonymous_4)","decl":{"start":{"line":63,"column":57},"end":{"line":63,"column":68}},"loc":{"start":{"line":63,"column":68},"end":{"line":63,"column":null}}},"2":{"name":"(anonymous_5)","decl":{"start":{"line":68,"column":11},"end":{"line":68,"column":18}},"loc":{"start":{"line":68,"column":18},"end":{"line":75,"column":null}}},"3":{"name":"(anonymous_6)","decl":{"start":{"line":76,"column":12},"end":{"line":76,"column":19}},"loc":{"start":{"line":76,"column":19},"end":{"line":86,"column":null}}},"4":{"name":"(anonymous_7)","decl":{"start":{"line":87,"column":8},"end":{"line":87,"column":null}},"loc":{"start":{"line":87,"column":8},"end":{"line":98,"column":null}}},"5":{"name":"(anonymous_8)","decl":{"start":{"line":91,"column":14},"end":{"line":91,"column":21}},"loc":{"start":{"line":91,"column":21},"end":{"line":91,"column":null}}},"6":{"name":"(anonymous_9)","decl":{"start":{"line":99,"column":12},"end":{"line":99,"column":null}},"loc":{"start":{"line":99,"column":12},"end":{"line":103,"column":null}}},"7":{"name":"(anonymous_10)","decl":{"start":{"line":106,"column":12},"end":{"line":106,"column":null}},"loc":{"start":{"line":106,"column":12},"end":{"line":109,"column":null}}},"8":{"name":"(anonymous_11)","decl":{"start":{"line":110,"column":13},"end":{"line":110,"column":20}},"loc":{"start":{"line":110,"column":20},"end":{"line":115,"column":null}}},"9":{"name":"(anonymous_12)","decl":{"start":{"line":112,"column":37},"end":{"line":112,"column":44}},"loc":{"start":{"line":112,"column":44},"end":{"line":112,"column":null}}},"10":{"name":"(anonymous_13)","decl":{"start":{"line":118,"column":12},"end":{"line":118,"column":null}},"loc":{"start":{"line":118,"column":12},"end":{"line":121,"column":null}}},"11":{"name":"(anonymous_14)","decl":{"start":{"line":122,"column":16},"end":{"line":122,"column":23}},"loc":{"start":{"line":122,"column":23},"end":{"line":129,"column":null}}},"12":{"name":"(anonymous_15)","decl":{"start":{"line":124,"column":50},"end":{"line":124,"column":55}},"loc":{"start":{"line":124,"column":55},"end":{"line":124,"column":null}}}},"branchMap":{"0":{"loc":{"start":{"line":70,"column":6},"end":{"line":73,"column":null}},"type":"if","locations":[{"start":{"line":70,"column":6},"end":{"line":73,"column":null}}]},"1":{"loc":{"start":{"line":70,"column":10},"end":{"line":70,"column":94}},"type":"binary-expr","locations":[{"start":{"line":70,"column":10},"end":{"line":70,"column":54}},{"start":{"line":70,"column":54},"end":{"line":70,"column":94}}]},"2":{"loc":{"start":{"line":94,"column":6},"end":{"line":96,"column":null}},"type":"if","locations":[{"start":{"line":94,"column":6},"end":{"line":96,"column":null}}]},"3":{"loc":{"start":{"line":113,"column":6},"end":{"line":113,"column":null}},"type":"if","locations":[{"start":{"line":113,"column":6},"end":{"line":113,"column":null}}]},"4":{"loc":{"start":{"line":125,"column":6},"end":{"line":127,"column":null}},"type":"if","locations":[{"start":{"line":125,"column":6},"end":{"line":127,"column":null}}]}},"s":{"0":0,"1":0,"2":0,"3":0,"4":0,"5":0,"6":0,"7":0,"8":0,"9":0,"10":0,"11":0,"12":0,"13":0,"14":0,"15":0,"16":0,"17":0,"18":0,"19":0,"20":0,"21":0,"22":0,"23":0,"24":0,"25":0,"26":0,"27":0,"28":0,"29":0,"30":0,"31":0,"32":0,"33":0,"34":0,"35":0,"36":0,"37":0,"38":0,"39":0,"40":0,"41":0,"42":0,"43":0},"f":{"0":0,"1":0,"2":0,"3":0,"4":0,"5":0,"6":0,"7":0,"8":0,"9":0,"10":0,"11":0,"12":0},"b":{"0":[0],"1":[0,0],"2":[0],"3":[0],"4":[0]}}
,"/Users/amena/Desktop/inkWell/frontend/src/lib/monaco-config.ts": {"path":"/Users/amena/Desktop/inkWell/frontend/src/lib/monaco-config.ts","statementMap":{"0":{"start":{"line":13,"column":13},"end":{"line":13,"column":28}},"1":{"start":{"line":13,"column":28},"end":{"line":43,"column":null}},"2":{"start":{"line":17,"column":4},"end":{"line":28,"column":null}},"3":{"start":{"line":31,"column":4},"end":{"line":41,"column":null}},"4":{"start":{"line":32,"column":6},"end":{"line":40,"column":null}},"5":{"start":{"line":35,"column":10},"end":{"line":38,"column":null}}},"fnMap":{"0":{"name":"(anonymous_1)","decl":{"start":{"line":15,"column":15},"end":{"line":15,"column":16}},"loc":{"start":{"line":15,"column":16},"end":{"line":42,"column":null}}},"1":{"name":"(anonymous_2)","decl":{"start":{"line":33,"column":19},"end":{"line":33,"column":29}},"loc":{"start":{"line":33,"column":60},"end":{"line":39,"column":null}}},"2":{"name":"(anonymous_3)","decl":{"start":{"line":36,"column":25},"end":{"line":36,"column":37}},"loc":{"start":{"line":36,"column":25},"end":{"line":36,"column":null}}},"3":{"name":"(anonymous_4)","decl":{"start":{"line":37,"column":23},"end":{"line":37,"column":35}},"loc":{"start":{"line":37,"column":23},"end":{"line":37,"column":null}}}},"branchMap":{"0":{"loc":{"start":{"line":31,"column":4},"end":{"line":41,"column":null}},"type":"if","locations":[{"start":{"line":31,"column":4},"end":{"line":41,"column":null}}]}},"s":{"0":0,"1":0,"2":0,"3":0,"4":0,"5":0},"f":{"0":0,"1":0,"2":0,"3":0},"b":{"0":[0]}}
,"/Users/amena/Desktop/inkWell/frontend/src/lib/prisma.ts": {"path":"/Users/amena/Desktop/inkWell/frontend/src/lib/prisma.ts","statementMap":{"0":{"start":{"line":19,"column":9},"end":{"line":19,"column":null}},"1":{"start":{"line":1,"column":29},"end":{"line":1,"column":null}},"2":{"start":{"line":9,"column":15},"end":{"line":13,"column":null}},"3":{"start":{"line":15,"column":0},"end":{"line":17,"column":null}},"4":{"start":{"line":16,"column":2},"end":{"line":16,"column":null}}},"fnMap":{},"branchMap":{"0":{"loc":{"start":{"line":9,"column":15},"end":{"line":13,"column":null}},"type":"binary-expr","locations":[{"start":{"line":9,"column":15},"end":{"line":9,"column":28}},{"start":{"line":9,"column":32},"end":{"line":13,"column":null}}]},"1":{"loc":{"start":{"line":10,"column":7},"end":{"line":12,"column":null}},"type":"cond-expr","locations":[{"start":{"line":11,"column":6},"end":{"line":11,"column":null}},{"start":{"line":12,"column":6},"end":{"line":12,"column":null}}]},"2":{"loc":{"start":{"line":15,"column":0},"end":{"line":17,"column":null}},"type":"if","locations":[{"start":{"line":15,"column":0},"end":{"line":17,"column":null}}]}},"s":{"0":0,"1":0,"2":0,"3":0,"4":0},"f":{},"b":{"0":[0,0],"1":[0,0],"2":[0]}}
,"/Users/amena/Desktop/inkWell/frontend/src/lib/utils.ts": {"path":"/Users/amena/Desktop/inkWell/frontend/src/lib/utils.ts","statementMap":{"0":{"start":{"line":29,"column":16},"end":{"line":29,"column":27}},"1":{"start":{"line":39,"column":16},"end":{"line":39,"column":26}},"2":{"start":{"line":4,"column":16},"end":{"line":4,"column":18}},"3":{"start":{"line":17,"column":16},"end":{"line":17,"column":27}},"4":{"start":{"line":8,"column":16},"end":{"line":8,"column":26}},"5":{"start":{"line":33,"column":16},"end":{"line":33,"column":29}},"6":{"start":{"line":43,"column":16},"end":{"line":43,"column":24}},"7":{"start":{"line":1,"column":38},"end":{"line":1,"column":null}},"8":{"start":{"line":2,"column":24},"end":{"line":2,"column":null}},"9":{"start":{"line":5,"column":2},"end":{"line":5,"column":null}},"10":{"start":{"line":9,"column":15},"end":{"line":9,"column":null}},"11":{"start":{"line":10,"column":2},"end":{"line":14,"column":null}},"12":{"start":{"line":18,"column":2},"end":{"line":18,"column":null}},"13":{"start":{"line":18,"column":19},"end":{"line":18,"column":null}},"14":{"start":{"line":20,"column":12},"end":{"line":20,"column":null}},"15":{"start":{"line":21,"column":13},"end":{"line":21,"column":null}},"16":{"start":{"line":22,"column":16},"end":{"line":22,"column":null}},"17":{"start":{"line":24,"column":12},"end":{"line":24,"column":null}},"18":{"start":{"line":26,"column":2},"end":{"line":26,"column":null}},"19":{"start":{"line":30,"column":2},"end":{"line":30,"column":null}},"20":{"start":{"line":34,"column":2},"end":{"line":36,"column":null}},"21":{"start":{"line":40,"column":2},"end":{"line":40,"column":null}},"22":{"start":{"line":44,"column":2},"end":{"line":44,"column":null}}},"fnMap":{"0":{"name":"cn","decl":{"start":{"line":4,"column":16},"end":{"line":4,"column":18}},"loc":{"start":{"line":4,"column":42},"end":{"line":6,"column":null}}},"1":{"name":"formatDate","decl":{"start":{"line":8,"column":16},"end":{"line":8,"column":26}},"loc":{"start":{"line":8,"column":56},"end":{"line":15,"column":null}}},"2":{"name":"formatBytes","decl":{"start":{"line":17,"column":16},"end":{"line":17,"column":27}},"loc":{"start":{"line":17,"column":55},"end":{"line":27,"column":null}}},"3":{"name":"absoluteUrl","decl":{"start":{"line":29,"column":16},"end":{"line":29,"column":27}},"loc":{"start":{"line":29,"column":40},"end":{"line":31,"column":null}}},"4":{"name":"isActiveRoute","decl":{"start":{"line":33,"column":16},"end":{"line":33,"column":29}},"loc":{"start":{"line":33,"column":63},"end":{"line":37,"column":null}}},"5":{"name":"capitalize","decl":{"start":{"line":39,"column":16},"end":{"line":39,"column":26}},"loc":{"start":{"line":39,"column":38},"end":{"line":41,"column":null}}},"6":{"name":"truncate","decl":{"start":{"line":43,"column":16},"end":{"line":43,"column":24}},"loc":{"start":{"line":43,"column":52},"end":{"line":45,"column":null}}}},"branchMap":{"0":{"loc":{"start":{"line":17,"column":43},"end":{"line":17,"column":55}},"type":"default-arg","locations":[{"start":{"line":17,"column":54},"end":{"line":17,"column":55}}]},"1":{"loc":{"start":{"line":18,"column":2},"end":{"line":18,"column":null}},"type":"if","locations":[{"start":{"line":18,"column":2},"end":{"line":18,"column":null}}]},"2":{"loc":{"start":{"line":21,"column":13},"end":{"line":21,"column":null}},"type":"cond-expr","locations":[{"start":{"line":21,"column":28},"end":{"line":21,"column":32}},{"start":{"line":21,"column":32},"end":{"line":21,"column":null}}]},"3":{"loc":{"start":{"line":30,"column":12},"end":{"line":30,"column":71}},"type":"binary-expr","locations":[{"start":{"line":30,"column":12},"end":{"line":30,"column":43}},{"start":{"line":30,"column":47},"end":{"line":30,"column":71}}]},"4":{"loc":{"start":{"line":34,"column":9},"end":{"line":36,"column":null}},"type":"cond-expr","locations":[{"start":{"line":35,"column":6},"end":{"line":35,"column":null}},{"start":{"line":36,"column":6},"end":{"line":36,"column":null}}]},"5":{"loc":{"start":{"line":44,"column":9},"end":{"line":44,"column":null}},"type":"cond-expr","locations":[{"start":{"line":44,"column":31},"end":{"line":44,"column":63}},{"start":{"line":44,"column":66},"end":{"line":44,"column":null}}]}},"s":{"0":0,"1":0,"2":32,"3":0,"4":0,"5":0,"6":0,"7":4,"8":4,"9":32,"10":0,"11":0,"12":0,"13":0,"14":0,"15":0,"16":0,"17":0,"18":0,"19":0,"20":0,"21":0,"22":0},"f":{"0":32,"1":0,"2":0,"3":0,"4":0,"5":0,"6":0},"b":{"0":[0],"1":[0],"2":[0,0],"3":[0,0],"4":[0,0],"5":[0,0]}}
,"/Users/amena/Desktop/inkWell/frontend/src/providers/query-provider.tsx": {"path":"/Users/amena/Desktop/inkWell/frontend/src/providers/query-provider.tsx","statementMap":{"0":{"start":{"line":6,"column":16},"end":{"line":6,"column":30}},"1":{"start":{"line":3,"column":18},"end":{"line":3,"column":null}},"2":{"start":{"line":4,"column":49},"end":{"line":4,"column":null}},"3":{"start":{"line":7,"column":24},"end":{"line":17,"column":null}},"4":{"start":{"line":9,"column":6},"end":{"line":17,"column":null}}},"fnMap":{"0":{"name":"QueryProvider","decl":{"start":{"line":6,"column":16},"end":{"line":6,"column":30}},"loc":{"start":{"line":6,"column":73},"end":{"line":25,"column":null}}},"1":{"name":"(anonymous_3)","decl":{"start":{"line":8,"column":4},"end":{"line":8,"column":null}},"loc":{"start":{"line":9,"column":6},"end":{"line":17,"column":null}}}},"branchMap":{},"s":{"0":0,"1":0,"2":0,"3":0,"4":0},"f":{"0":0,"1":0},"b":{}}
,"/Users/amena/Desktop/inkWell/frontend/src/services/document.service.ts": {"path":"/Users/amena/Desktop/inkWell/frontend/src/services/document.service.ts","statementMap":{"0":{"start":{"line":148,"column":0},"end":{"line":148,"column":15}},"1":{"start":{"line":1,"column":18},"end":{"line":1,"column":null}},"2":{"start":{"line":3,"column":16},"end":{"line":3,"column":null}},"3":{"start":{"line":21,"column":24},"end":{"line":146,"column":null}},"4":{"start":{"line":24,"column":4},"end":{"line":32,"column":null}},"5":{"start":{"line":25,"column":23},"end":{"line":27,"column":null}},"6":{"start":{"line":28,"column":6},"end":{"line":28,"column":null}},"7":{"start":{"line":30,"column":6},"end":{"line":30,"column":null}},"8":{"start":{"line":31,"column":6},"end":{"line":31,"column":null}},"9":{"start":{"line":37,"column":4},"end":{"line":45,"column":null}},"10":{"start":{"line":38,"column":23},"end":{"line":40,"column":null}},"11":{"start":{"line":41,"column":6},"end":{"line":41,"column":null}},"12":{"start":{"line":43,"column":6},"end":{"line":43,"column":null}},"13":{"start":{"line":44,"column":6},"end":{"line":44,"column":null}},"14":{"start":{"line":50,"column":4},"end":{"line":60,"column":null}},"15":{"start":{"line":51,"column":23},"end":{"line":54,"column":null}},"16":{"start":{"line":56,"column":6},"end":{"line":56,"column":null}},"17":{"start":{"line":58,"column":6},"end":{"line":58,"column":null}},"18":{"start":{"line":59,"column":6},"end":{"line":59,"column":null}},"19":{"start":{"line":68,"column":4},"end":{"line":78,"column":null}},"20":{"start":{"line":69,"column":23},"end":{"line":72,"column":null}},"21":{"start":{"line":74,"column":6},"end":{"line":74,"column":null}},"22":{"start":{"line":76,"column":6},"end":{"line":76,"column":null}},"23":{"start":{"line":77,"column":6},"end":{"line":77,"column":null}},"24":{"start":{"line":83,"column":4},"end":{"line":90,"column":null}},"25":{"start":{"line":84,"column":6},"end":{"line":86,"column":null}},"26":{"start":{"line":88,"column":6},"end":{"line":88,"column":null}},"27":{"start":{"line":89,"column":6},"end":{"line":89,"column":null}},"28":{"start":{"line":95,"column":4},"end":{"line":107,"column":null}},"29":{"start":{"line":96,"column":23},"end":{"line":101,"column":null}},"30":{"start":{"line":103,"column":6},"end":{"line":103,"column":null}},"31":{"start":{"line":105,"column":6},"end":{"line":105,"column":null}},"32":{"start":{"line":106,"column":6},"end":{"line":106,"column":null}},"33":{"start":{"line":112,"column":4},"end":{"line":127,"column":null}},"34":{"start":{"line":113,"column":23},"end":{"line":117,"column":null}},"35":{"start":{"line":119,"column":6},"end":{"line":119,"column":null}},"36":{"start":{"line":121,"column":6},"end":{"line":121,"column":null}},"37":{"start":{"line":122,"column":6},"end":{"line":126,"column":null}},"38":{"start":{"line":132,"column":4},"end":{"line":144,"column":null}},"39":{"start":{"line":133,"column":23},"end":{"line":138,"column":null}},"40":{"start":{"line":140,"column":6},"end":{"line":140,"column":null}},"41":{"start":{"line":142,"column":6},"end":{"line":142,"column":null}},"42":{"start":{"line":143,"column":6},"end":{"line":143,"column":null}},"43":{"start":{"line":148,"column":15},"end":{"line":148,"column":null}}},"fnMap":{"0":{"name":"(anonymous_2)","decl":{"start":{"line":23,"column":2},"end":{"line":23,"column":8}},"loc":{"start":{"line":23,"column":8},"end":{"line":33,"column":null}}},"1":{"name":"(anonymous_3)","decl":{"start":{"line":36,"column":2},"end":{"line":36,"column":8}},"loc":{"start":{"line":36,"column":34},"end":{"line":46,"column":null}}},"2":{"name":"(anonymous_4)","decl":{"start":{"line":49,"column":2},"end":{"line":49,"column":8}},"loc":{"start":{"line":49,"column":50},"end":{"line":61,"column":null}}},"3":{"name":"(anonymous_5)","decl":{"start":{"line":64,"column":2},"end":{"line":64,"column":8}},"loc":{"start":{"line":66,"column":70},"end":{"line":79,"column":null}}},"4":{"name":"(anonymous_6)","decl":{"start":{"line":82,"column":2},"end":{"line":82,"column":8}},"loc":{"start":{"line":82,"column":33},"end":{"line":91,"column":null}}},"5":{"name":"(anonymous_7)","decl":{"start":{"line":94,"column":2},"end":{"line":94,"column":8}},"loc":{"start":{"line":94,"column":36},"end":{"line":108,"column":null}}},"6":{"name":"(anonymous_8)","decl":{"start":{"line":111,"column":2},"end":{"line":111,"column":8}},"loc":{"start":{"line":111,"column":8},"end":{"line":128,"column":null}}},"7":{"name":"(anonymous_9)","decl":{"start":{"line":131,"column":2},"end":{"line":131,"column":8}},"loc":{"start":{"line":131,"column":37},"end":{"line":145,"column":null}}}},"branchMap":{"0":{"loc":{"start":{"line":3,"column":16},"end":{"line":3,"column":null}},"type":"binary-expr","locations":[{"start":{"line":3,"column":16},"end":{"line":3,"column":47}},{"start":{"line":3,"column":51},"end":{"line":3,"column":null}}]},"1":{"loc":{"start":{"line":49,"column":38},"end":{"line":49,"column":50}},"type":"default-arg","locations":[{"start":{"line":49,"column":48},"end":{"line":49,"column":50}}]},"2":{"loc":{"start":{"line":94,"column":27},"end":{"line":94,"column":36}},"type":"default-arg","locations":[{"start":{"line":94,"column":35},"end":{"line":94,"column":36}}]}},"s":{"0":0,"1":0,"2":0,"3":0,"4":0,"5":0,"6":0,"7":0,"8":0,"9":0,"10":0,"11":0,"12":0,"13":0,"14":0,"15":0,"16":0,"17":0,"18":0,"19":0,"20":0,"21":0,"22":0,"23":0,"24":0,"25":0,"26":0,"27":0,"28":0,"29":0,"30":0,"31":0,"32":0,"33":0,"34":0,"35":0,"36":0,"37":0,"38":0,"39":0,"40":0,"41":0,"42":0,"43":0},"f":{"0":0,"1":0,"2":0,"3":0,"4":0,"5":0,"6":0,"7":0},"b":{"0":[0,0],"1":[0],"2":[0]}}
}
