TN:
SF:src/providers.tsx
FN:11,Providers
FN:12,(anonymous_5)
FNF:2
FNH:0
FNDA:0,Providers
FNDA:0,(anonymous_5)
DA:3,0
DA:4,0
DA:5,0
DA:6,0
DA:9,0
DA:11,0
DA:12,0
LF:7
LH:0
BRF:0
BRH:0
end_of_record
TN:
SF:src/test-utils.tsx
FN:5,(anonymous_5)
FN:18,(anonymous_6)
FNF:2
FNH:0
FNDA:0,(anonymous_5)
FNDA:0,(anonymous_6)
DA:1,0
DA:2,0
DA:3,0
DA:5,0
DA:18,0
DA:21,0
DA:24,0
LF:7
LH:0
BRF:0
BRH:0
end_of_record
TN:
SF:src/app/error.tsx
FN:5,Error
FN:12,(anonymous_2)
FN:25,(anonymous_3)
FNF:3
FNH:0
FNDA:0,Error
FNDA:0,(anonymous_2)
FNDA:0,(anonymous_3)
DA:3,0
DA:5,0
DA:12,0
DA:14,0
DA:25,0
LF:5
LH:0
BRDA:22,0,0,0
BRDA:22,0,1,0
BRF:2
BRH:0
end_of_record
TN:
SF:src/app/loading.tsx
FN:1,Loading
FNF:1
FNH:0
FNDA:0,Loading
DA:1,0
LF:1
LH:0
BRF:0
BRH:0
end_of_record
TN:
SF:src/app/api/auth/[...nextauth]/route.ts
FNF:0
FNH:0
DA:1,0
DA:2,0
DA:4,0
DA:6,0
LF:4
LH:0
BRF:0
BRH:0
end_of_record
TN:
SF:src/app/api/auth/register/route.ts
FN:5,POST
FNF:1
FNH:0
FNDA:0,POST
DA:2,0
DA:3,0
DA:5,0
DA:6,0
DA:7,0
DA:10,0
DA:11,0
DA:18,0
DA:22,0
DA:23,0
DA:30,0
DA:33,0
DA:42,0
DA:43,0
DA:45,0
DA:46,0
LF:16
LH:0
BRDA:10,0,0,0
BRDA:10,1,0,0
BRDA:10,1,1,0
BRDA:10,1,2,0
BRDA:22,2,0,0
BRF:5
BRH:0
end_of_record
TN:
SF:src/app/api/documents/route.ts
FN:17,GET
FN:30,(anonymous_5)
FN:42,POST
FNF:3
FNH:0
FNDA:0,GET
FNDA:0,(anonymous_5)
FNDA:0,POST
DA:3,0
DA:15,0
DA:17,0
DA:18,0
DA:19,0
DA:21,0
DA:22,0
DA:29,0
DA:30,0
DA:33,0
DA:35,0
DA:42,0
DA:43,0
DA:44,0
DA:46,0
DA:47,0
DA:53,0
DA:55,0
DA:56,0
DA:62,0
DA:71,0
DA:73,0
DA:75,0
LF:23
LH:0
BRDA:21,0,0,0
BRDA:46,1,0,0
BRDA:55,2,0,0
BRDA:55,3,0,0
BRDA:55,3,1,0
BRF:5
BRH:0
end_of_record
TN:
SF:src/app/api/mock-login/route.ts
FN:8,POST
FNF:1
FNH:0
FNDA:0,POST
DA:8,0
DA:9,0
DA:10,0
DA:13,0
DA:14,0
DA:21,0
DA:28,0
DA:31,0
DA:37,0
DA:46,0
DA:48,0
DA:49,0
LF:12
LH:0
BRDA:13,0,0,0
BRDA:13,1,0,0
BRDA:13,1,1,0
BRF:3
BRH:0
end_of_record
TN:
SF:src/app/api/mock-logout/route.ts
FN:3,POST
FNF:1
FNH:0
FNDA:0,POST
DA:3,0
DA:4,0
DA:6,0
DA:12,0
DA:22,0
DA:24,0
DA:25,0
LF:7
LH:0
BRF:0
BRH:0
end_of_record
TN:
SF:src/app/api/mock-signup/route.ts
FN:9,POST
FNF:1
FNH:0
FNDA:0,POST
DA:9,0
DA:10,0
DA:11,0
DA:14,0
DA:15,0
DA:22,0
DA:29,0
DA:32,0
DA:38,0
DA:47,0
DA:49,0
DA:50,0
LF:12
LH:0
BRDA:14,0,0,0
BRDA:14,1,0,0
BRDA:14,1,1,0
BRDA:14,1,2,0
BRF:4
BRH:0
end_of_record
TN:
SF:src/app/dashboard/components/dashboard-content.tsx
FN:20,DashboardContent
FN:31,(anonymous_3)
FN:64,(anonymous_4)
FN:77,(anonymous_5)
FN:157,(anonymous_6)
FN:212,(anonymous_7)
FN:215,(anonymous_8)
FN:275,(anonymous_9)
FN:287,(anonymous_10)
FNF:9
FNH:0
FNDA:0,DashboardContent
FNDA:0,(anonymous_3)
FNDA:0,(anonymous_4)
FNDA:0,(anonymous_5)
FNDA:0,(anonymous_6)
FNDA:0,(anonymous_7)
FNDA:0,(anonymous_8)
FNDA:0,(anonymous_9)
FNDA:0,(anonymous_10)
DA:3,0
DA:4,0
DA:5,0
DA:6,0
DA:7,0
DA:8,0
DA:9,0
DA:10,0
DA:11,0
DA:12,0
DA:20,0
DA:21,0
DA:29,0
DA:31,0
DA:41,0
DA:48,0
DA:49,0
DA:56,0
DA:57,0
DA:64,0
DA:65,0
DA:66,0
DA:67,0
DA:69,0
DA:77,0
DA:78,0
DA:79,0
DA:83,0
DA:158,0
DA:213,0
DA:215,0
DA:275,0
DA:288,0
DA:289,0
DA:290,0
LF:35
LH:0
BRDA:48,0,0,0
BRDA:56,1,0,0
BRDA:78,2,0,0
BRDA:79,3,0,0
BRDA:86,4,0,0
BRDA:86,4,1,0
BRDA:94,5,0,0
BRDA:94,5,1,0
BRDA:102,6,0,0
BRDA:102,6,1,0
BRDA:123,7,0,0
BRDA:123,7,1,0
BRDA:146,8,0,0
BRDA:154,9,0,0
BRDA:172,10,0,0
BRDA:172,10,1,0
BRDA:198,11,0,0
BRDA:200,12,0,0
BRDA:211,13,0,0
BRDA:220,14,0,0
BRDA:220,14,1,0
BRDA:289,15,0,0
BRF:22
BRH:0
end_of_record
TN:
SF:src/components/ai-assistant.tsx
FN:9,cn
FN:20,AIAssistant
FN:27,(anonymous_6)
FN:38,(anonymous_7)
FN:43,(anonymous_8)
FN:50,(anonymous_9)
FN:55,(anonymous_10)
FN:73,(anonymous_11)
FN:92,(anonymous_12)
FN:108,(anonymous_13)
FN:147,(anonymous_14)
FN:165,(anonymous_15)
FNF:12
FNH:0
FNDA:0,cn
FNDA:0,AIAssistant
FNDA:0,(anonymous_6)
FNDA:0,(anonymous_7)
FNDA:0,(anonymous_8)
FNDA:0,(anonymous_9)
FNDA:0,(anonymous_10)
FNDA:0,(anonymous_11)
FNDA:0,(anonymous_12)
FNDA:0,(anonymous_13)
FNDA:0,(anonymous_14)
FNDA:0,(anonymous_15)
DA:3,0
DA:5,0
DA:6,0
DA:10,0
DA:20,0
DA:21,0
DA:22,0
DA:23,0
DA:24,0
DA:25,0
DA:27,0
DA:28,0
DA:29,0
DA:31,0
DA:38,0
DA:39,0
DA:40,0
DA:43,0
DA:44,0
DA:50,0
DA:51,0
DA:55,0
DA:56,0
DA:58,0
DA:59,0
DA:60,0
DA:61,0
DA:62,0
DA:63,0
DA:64,0
DA:65,0
DA:66,0
DA:67,0
DA:69,0
DA:73,0
DA:74,0
DA:75,0
DA:92,0
DA:109,0
DA:147,0
DA:165,0
LF:41
LH:0
BRDA:29,0,0,0
BRDA:58,1,0,0
BRDA:58,1,1,0
BRDA:58,2,0,0
BRDA:58,2,1,0
BRDA:58,2,2,0
BRDA:60,3,0,0
BRDA:60,3,1,0
BRDA:62,4,0,0
BRDA:62,4,1,0
BRDA:62,5,0,0
BRDA:62,5,1,0
BRDA:64,6,0,0
BRDA:64,6,1,0
BRDA:64,7,0,0
BRDA:64,7,1,0
BRDA:66,8,0,0
BRDA:66,8,1,0
BRDA:74,9,0,0
BRDA:82,10,0,0
BRDA:99,11,0,0
BRDA:99,11,1,0
BRDA:113,12,0,0
BRDA:113,12,1,0
BRDA:119,13,0,0
BRDA:119,13,1,0
BRDA:132,14,0,0
BRDA:156,15,0,0
BRDA:156,15,1,0
BRF:29
BRH:0
end_of_record
TN:
SF:src/components/dashboard-nav.tsx
FN:79,cn
FN:118,DashboardNav
FN:123,(anonymous_12)
FN:139,(anonymous_13)
FN:170,(anonymous_14)
FN:186,(anonymous_15)
FN:202,(anonymous_16)
FN:213,(anonymous_17)
FN:223,(anonymous_18)
FNF:9
FNH:0
FNDA:0,cn
FNDA:0,DashboardNav
FNDA:0,(anonymous_12)
FNDA:0,(anonymous_13)
FNDA:0,(anonymous_14)
FNDA:0,(anonymous_15)
FNDA:0,(anonymous_16)
FNDA:0,(anonymous_17)
FNDA:0,(anonymous_18)
DA:3,0
DA:5,0
DA:6,0
DA:7,0
DA:69,0
DA:80,0
DA:83,0
DA:118,0
DA:119,0
DA:120,0
DA:121,0
DA:123,0
DA:124,0
DA:125,0
DA:126,0
DA:140,0
DA:170,0
DA:187,0
DA:188,0
DA:203,0
DA:214,0
DA:215,0
DA:224,0
DA:225,0
DA:226,0
LF:25
LH:0
BRDA:15,0,0,0
BRDA:33,1,0,0
BRDA:51,2,0,0
BRDA:124,3,0,0
BRDA:145,4,0,0
BRDA:145,4,1,0
BRDA:149,5,0,0
BRDA:149,5,1,0
BRDA:175,6,0,0
BRDA:175,6,1,0
BRDA:208,7,0,0
BRDA:208,7,1,0
BRDA:212,8,0,0
BRDA:212,8,1,0
BRF:14
BRH:0
end_of_record
TN:
SF:src/components/icons.tsx
FNF:0
FNH:0
DA:5,0
LF:1
LH:0
BRF:0
BRH:0
end_of_record
TN:
SF:src/components/index.ts
FNF:0
FNH:0
DA:2,0
LF:1
LH:0
BRF:0
BRH:0
end_of_record
TN:
SF:src/components/loading-skeleton.tsx
FN:5,StatsSkeleton
FN:8,(anonymous_6)
FN:21,DocumentListSkeleton
FN:24,(anonymous_8)
FN:37,DocumentEditorSkeleton
FN:46,(anonymous_10)
FN:58,CardSkeleton
FN:66,(anonymous_12)
FNF:8
FNH:0
FNDA:0,StatsSkeleton
FNDA:0,(anonymous_6)
FNDA:0,DocumentListSkeleton
FNDA:0,(anonymous_8)
FNDA:0,DocumentEditorSkeleton
FNDA:0,(anonymous_10)
FNDA:0,CardSkeleton
FNDA:0,(anonymous_12)
DA:3,0
DA:5,0
DA:9,0
DA:21,0
DA:25,0
DA:37,0
DA:47,0
DA:58,0
DA:67,0
LF:9
LH:0
BRF:0
BRH:0
end_of_record
TN:
SF:src/components/main-nav.tsx
FN:11,MainNav
FN:35,(anonymous_6)
FNF:2
FNH:0
FNDA:0,MainNav
FNDA:0,(anonymous_6)
DA:3,0
DA:4,0
DA:5,0
DA:6,0
DA:8,0
DA:9,0
DA:11,0
DA:12,0
DA:14,0
DA:36,0
LF:10
LH:0
BRDA:41,0,0,0
BRDA:41,0,1,0
BRF:2
BRH:0
end_of_record
TN:
SF:src/components/matrix-dashboard.tsx
FN:40,MatrixDashboard
FN:70,(anonymous_4)
FN:78,(anonymous_5)
FN:87,(anonymous_6)
FN:95,(anonymous_7)
FN:103,(anonymous_8)
FN:111,(anonymous_9)
FN:119,(anonymous_10)
FN:127,(anonymous_11)
FN:136,(anonymous_12)
FN:144,(anonymous_13)
FN:198,DashboardCard
FN:240,(anonymous_15)
FN:254,(anonymous_16)
FN:271,(anonymous_17)
FNF:15
FNH:0
FNDA:0,MatrixDashboard
FNDA:0,(anonymous_4)
FNDA:0,(anonymous_5)
FNDA:0,(anonymous_6)
FNDA:0,(anonymous_7)
FNDA:0,(anonymous_8)
FNDA:0,(anonymous_9)
FNDA:0,(anonymous_10)
FNDA:0,(anonymous_11)
FNDA:0,(anonymous_12)
FNDA:0,(anonymous_13)
FNDA:0,DashboardCard
FNDA:0,(anonymous_15)
FNDA:0,(anonymous_16)
FNDA:0,(anonymous_17)
DA:3,0
DA:14,0
DA:15,0
DA:16,0
DA:17,0
DA:20,0
DA:40,0
DA:66,0
DA:67,0
DA:69,0
DA:71,0
DA:72,0
DA:77,0
DA:79,0
DA:80,0
DA:86,0
DA:88,0
DA:89,0
DA:94,0
DA:96,0
DA:97,0
DA:102,0
DA:104,0
DA:105,0
DA:110,0
DA:112,0
DA:113,0
DA:118,0
DA:120,0
DA:121,0
DA:126,0
DA:128,0
DA:129,0
DA:135,0
DA:137,0
DA:138,0
DA:143,0
DA:145,0
DA:146,0
DA:198,0
DA:241,0
DA:242,0
DA:255,0
DA:256,0
DA:272,0
DA:273,0
LF:46
LH:0
BRDA:44,0,0,0
BRDA:45,1,0,0
BRDA:46,2,0,0
BRDA:47,3,0,0
BRDA:48,4,0,0
BRDA:49,5,0,0
BRDA:50,6,0,0
BRDA:51,7,0,0
BRDA:52,8,0,0
BRDA:53,9,0,0
BRDA:146,10,0,0
BRDA:146,10,1,0
BRDA:203,11,0,0
BRDA:207,12,0,0
BRDA:211,13,0,0
BRDA:215,14,0,0
BRDA:215,14,1,0
BRDA:220,15,0,0
BRDA:238,16,0,0
BRDA:252,17,0,0
BRDA:269,18,0,0
BRF:21
BRH:0
end_of_record
TN:
SF:src/components/theme-provider.tsx
FN:7,ThemeProvider
FNF:1
FNH:0
FNDA:0,ThemeProvider
DA:3,0
DA:4,0
DA:7,0
LF:3
LH:0
BRF:0
BRH:0
end_of_record
TN:
SF:src/components/theme-toggle.tsx
FN:15,ThemeToggle
FN:28,(anonymous_5)
FN:31,(anonymous_6)
FN:34,(anonymous_7)
FNF:4
FNH:0
FNDA:0,ThemeToggle
FNDA:0,(anonymous_5)
FNDA:0,(anonymous_6)
FNDA:0,(anonymous_7)
DA:3,1
DA:4,1
DA:5,1
DA:7,1
DA:13,1
DA:15,4
DA:16,0
DA:28,0
DA:31,0
DA:34,0
LF:10
LH:6
BRF:0
BRH:0
end_of_record
TN:
SF:src/components/auth/protected-route.tsx
FN:8,ProtectedRoute
FN:16,(anonymous_2)
FNF:2
FNH:0
FNDA:0,ProtectedRoute
FNDA:0,(anonymous_2)
DA:3,0
DA:4,0
DA:5,0
DA:6,0
DA:8,0
DA:13,0
DA:14,0
DA:16,0
DA:17,0
DA:18,0
DA:22,0
LF:11
LH:0
BRDA:17,0,0,0
BRDA:17,1,0,0
BRDA:17,1,1,0
BRDA:22,2,0,0
BRDA:22,3,0,0
BRDA:22,3,1,0
BRF:6
BRH:0
end_of_record
TN:
SF:src/components/dashboard/activity-timeline.tsx
FN:23,(anonymous_1)
FN:38,(anonymous_2)
FN:56,ActivityTimeline
FN:60,(anonymous_4)
FN:83,(anonymous_5)
FNF:5
FNH:0
FNDA:0,(anonymous_1)
FNDA:0,(anonymous_2)
FNDA:0,ActivityTimeline
FNDA:0,(anonymous_4)
FNDA:0,(anonymous_5)
DA:3,0
DA:4,0
DA:5,0
DA:23,0
DA:24,0
DA:26,0
DA:28,0
DA:30,0
DA:32,0
DA:34,0
DA:38,0
DA:39,0
DA:40,0
DA:42,0
DA:44,0
DA:46,0
DA:48,0
DA:50,0
DA:52,0
DA:56,0
DA:57,0
DA:61,0
DA:73,0
DA:84,0
LF:24
LH:0
BRDA:24,0,0,0
BRDA:24,0,1,0
BRDA:24,0,2,0
BRDA:24,0,3,0
BRDA:24,0,4,0
BRDA:40,1,0,0
BRDA:40,1,1,0
BRDA:42,2,0,0
BRDA:42,2,1,0
BRDA:42,2,2,0
BRDA:42,2,3,0
BRDA:42,2,4,0
BRDA:56,3,0,0
BRDA:57,4,0,0
BRDA:73,5,0,0
BRF:15
BRH:0
end_of_record
TN:
SF:src/components/dashboard/document-stats.tsx
FN:19,DocumentStats
FN:26,(anonymous_2)
FN:27,(anonymous_3)
FN:28,(anonymous_4)
FN:33,(anonymous_5)
FNF:5
FNH:0
FNDA:0,DocumentStats
FNDA:0,(anonymous_2)
FNDA:0,(anonymous_3)
FNDA:0,(anonymous_4)
FNDA:0,(anonymous_5)
DA:3,0
DA:4,0
DA:19,0
DA:20,0
DA:25,0
DA:26,0
DA:27,0
DA:28,0
DA:32,0
DA:33,0
LF:10
LH:0
BRDA:19,0,0,0
BRDA:20,1,0,0
BRF:2
BRH:0
end_of_record
TN:
SF:src/components/dashboard/metric-card.tsx
FN:17,MetricCard
FNF:1
FNH:0
FNDA:0,MetricCard
DA:1,0
DA:2,0
DA:3,0
DA:17,0
DA:25,0
DA:26,0
DA:27,0
DA:29,0
LF:8
LH:0
BRDA:22,0,0,0
BRDA:23,1,0,0
BRDA:25,2,0,0
BRDA:25,2,1,0
BRDA:26,3,0,0
BRDA:26,3,1,0
BRDA:26,4,0,0
BRDA:26,4,1,0
BRDA:27,5,0,0
BRDA:27,5,1,0
BRDA:27,6,0,0
BRDA:27,6,1,0
BRDA:29,7,0,0
BRDA:54,8,0,0
BRDA:60,9,0,0
BRF:15
BRH:0
end_of_record
TN:
SF:src/components/dashboard/recent-documents.tsx
FN:25,RecentDocuments
FN:29,(anonymous_3)
FN:59,(anonymous_4)
FNF:3
FNH:0
FNDA:0,RecentDocuments
FNDA:0,(anonymous_3)
FNDA:0,(anonymous_4)
DA:4,0
DA:5,0
DA:6,0
DA:7,0
DA:8,0
DA:9,0
DA:10,0
DA:25,0
DA:26,0
DA:30,0
DA:45,0
DA:60,0
LF:12
LH:0
BRDA:25,0,0,0
BRDA:26,1,0,0
BRDA:45,2,0,0
BRF:3
BRH:0
end_of_record
TN:
SF:src/components/dashboard/user-avatar.tsx
FN:10,UserAvatar
FN:13,(anonymous_3)
FNF:2
FNH:0
FNDA:0,UserAvatar
FNDA:0,(anonymous_3)
DA:1,0
DA:2,0
DA:10,0
DA:11,0
DA:13,0
DA:18,0
LF:6
LH:0
BRDA:18,0,0,0
BRF:1
BRH:0
end_of_record
TN:
SF:src/components/editor/document-editor.tsx
FN:15,(anonymous_5)
FN:15,(anonymous_6)
FN:15,(anonymous_7)
FN:23,(anonymous_10)
FN:23,(anonymous_11)
FN:23,(anonymous_12)
FN:24,(anonymous_13)
FN:24,(anonymous_14)
FN:24,(anonymous_15)
FN:25,(anonymous_16)
FN:25,(anonymous_17)
FN:25,(anonymous_18)
FN:26,(anonymous_19)
FN:26,(anonymous_20)
FN:26,(anonymous_21)
FN:27,(anonymous_22)
FN:27,(anonymous_23)
FN:27,(anonymous_24)
FN:36,DocumentEditor
FN:51,(anonymous_26)
FN:53,(anonymous_27)
FN:64,(anonymous_28)
FN:73,(anonymous_29)
FN:81,(anonymous_30)
FN:91,(anonymous_31)
FN:98,(anonymous_32)
FN:103,(anonymous_33)
FN:108,(anonymous_34)
FN:115,(anonymous_35)
FN:116,(anonymous_36)
FN:117,(anonymous_37)
FNF:31
FNH:0
FNDA:0,(anonymous_5)
FNDA:0,(anonymous_6)
FNDA:0,(anonymous_7)
FNDA:0,(anonymous_10)
FNDA:0,(anonymous_11)
FNDA:0,(anonymous_12)
FNDA:0,(anonymous_13)
FNDA:0,(anonymous_14)
FNDA:0,(anonymous_15)
FNDA:0,(anonymous_16)
FNDA:0,(anonymous_17)
FNDA:0,(anonymous_18)
FNDA:0,(anonymous_19)
FNDA:0,(anonymous_20)
FNDA:0,(anonymous_21)
FNDA:0,(anonymous_22)
FNDA:0,(anonymous_23)
FNDA:0,(anonymous_24)
FNDA:0,DocumentEditor
FNDA:0,(anonymous_26)
FNDA:0,(anonymous_27)
FNDA:0,(anonymous_28)
FNDA:0,(anonymous_29)
FNDA:0,(anonymous_30)
FNDA:0,(anonymous_31)
FNDA:0,(anonymous_32)
FNDA:0,(anonymous_33)
FNDA:0,(anonymous_34)
FNDA:0,(anonymous_35)
FNDA:0,(anonymous_36)
FNDA:0,(anonymous_37)
DA:3,0
DA:4,0
DA:5,0
DA:6,0
DA:7,0
DA:8,0
DA:9,0
DA:10,0
DA:11,0
DA:15,0
DA:22,0
DA:23,0
DA:24,0
DA:25,0
DA:26,0
DA:27,0
DA:36,0
DA:41,0
DA:42,0
DA:43,0
DA:44,0
DA:45,0
DA:46,0
DA:49,0
DA:51,0
DA:54,0
DA:55,0
DA:56,0
DA:57,0
DA:63,0
DA:65,0
DA:66,0
DA:68,0
DA:69,0
DA:70,0
DA:74,0
DA:75,0
DA:76,0
DA:82,0
DA:91,0
DA:92,0
DA:93,0
DA:98,0
DA:99,0
DA:103,0
DA:104,0
DA:108,0
DA:109,0
DA:113,0
DA:115,0
DA:116,0
DA:117,0
DA:118,0
DA:120,0
DA:123,0
LF:55
LH:0
BRDA:38,0,0,0
BRDA:39,1,0,0
BRDA:51,2,0,0
BRDA:51,2,1,0
BRDA:54,3,0,0
BRDA:65,4,0,0
BRDA:65,4,1,0
BRDA:92,5,0,0
BRDA:92,6,0,0
BRDA:92,6,1,0
BRDA:123,7,0,0
BRDA:142,8,0,0
BRDA:142,8,1,0
BRF:13
BRH:0
end_of_record
TN:
SF:src/components/layout/header.tsx
FN:15,Header
FN:23,(anonymous_3)
FNF:2
FNH:0
FNDA:0,Header
FNDA:0,(anonymous_3)
DA:1,0
DA:2,0
DA:15,0
DA:24,0
LF:4
LH:0
BRDA:15,0,0,0
BRF:1
BRH:0
end_of_record
TN:
SF:src/components/layout/navbar.tsx
FN:19,Navbar
FN:25,(anonymous_2)
FN:76,(anonymous_3)
FNF:3
FNH:0
FNDA:0,Navbar
FNDA:0,(anonymous_2)
FNDA:0,(anonymous_3)
DA:3,0
DA:4,0
DA:5,0
DA:6,0
DA:7,0
DA:14,0
DA:15,0
DA:16,0
DA:17,0
DA:19,0
DA:20,0
DA:21,0
DA:22,0
DA:23,0
DA:25,0
DA:26,0
DA:27,0
DA:31,0
DA:32,0
DA:34,0
DA:37,0
DA:76,0
LF:22
LH:0
BRDA:31,0,0,0
BRDA:31,0,1,0
BRDA:56,1,0,0
BRDA:76,2,0,0
BRDA:76,2,1,0
BRF:5
BRH:0
end_of_record
TN:
SF:src/components/layout/sidebar.tsx
FN:19,Sidebar
FN:39,(anonymous_3)
FNF:2
FNH:0
FNDA:0,Sidebar
FNDA:0,(anonymous_3)
DA:3,0
DA:4,0
DA:5,0
DA:7,0
DA:8,0
DA:9,0
DA:10,0
DA:19,0
DA:20,0
DA:21,0
DA:40,0
DA:41,0
DA:42,0
LF:13
LH:0
BRDA:27,0,0,0
BRDA:27,0,1,0
BRDA:49,1,0,0
BRDA:49,1,1,0
BRDA:50,2,0,0
BRDA:50,2,1,0
BRF:6
BRH:0
end_of_record
TN:
SF:src/components/ui/alert.tsx
FNF:0
FNH:0
DA:1,0
DA:2,0
DA:3,0
DA:5,0
DA:32,0
DA:44,0
DA:56,0
DA:58,0
LF:8
LH:0
BRF:0
BRH:0
end_of_record
TN:
SF:src/components/ui/avatar.tsx
FNF:0
FNH:0
DA:1,0
DA:2,0
DA:4,0
DA:19,0
DA:31,0
DA:46,0
DA:48,0
LF:7
LH:0
BRF:0
BRH:0
end_of_record
TN:
SF:src/components/ui/button.tsx
FN:42,(anonymous_6)
FNF:1
FNH:1
FNDA:8,(anonymous_6)
DA:1,2
DA:2,2
DA:3,2
DA:4,2
DA:6,2
DA:41,2
DA:43,8
DA:53,2
DA:55,8
LF:9
LH:9
BRDA:42,0,0,7
BRDA:43,1,0,1
BRDA:43,1,1,7
BRF:3
BRH:3
end_of_record
TN:
SF:src/components/ui/card.tsx
FNF:0
FNH:0
DA:1,1
DA:3,1
DA:20,1
DA:34,1
DA:51,1
DA:65,1
DA:75,1
DA:89,1
DA:91,6
LF:9
LH:9
BRF:0
BRH:0
end_of_record
TN:
SF:src/components/ui/checkbox.tsx
FNF:0
FNH:0
DA:1,0
DA:2,0
DA:3,0
DA:4,0
DA:25,0
DA:27,0
LF:6
LH:0
BRF:0
BRH:0
end_of_record
TN:
SF:src/components/ui/dropdown-menu.tsx
FN:171,(anonymous_28)
FN:184,(anonymous_29)
FNF:2
FNH:0
FNDA:0,(anonymous_28)
FNDA:0,(anonymous_29)
DA:3,1
DA:4,1
DA:5,1
DA:7,1
DA:9,1
DA:11,1
DA:13,1
DA:15,1
DA:17,1
DA:19,1
DA:40,1
DA:56,1
DA:75,1
DA:93,1
DA:116,1
DA:139,1
DA:157,1
DA:169,1
DA:171,1
DA:182,1
DA:184,1
DA:205,0
DA:206,0
DA:207,0
DA:208,0
DA:209,0
DA:210,0
DA:211,0
DA:212,0
DA:213,0
DA:214,0
DA:215,0
DA:216,0
DA:217,0
DA:218,0
DA:219,0
DA:220,0
LF:37
LH:21
BRDA:31,0,0,0
BRDA:31,0,1,0
BRDA:62,1,0,0
BRDA:87,2,0,0
BRDA:87,2,1,0
BRDA:151,3,0,0
BRDA:151,3,1,0
BRF:7
BRH:0
end_of_record
TN:
SF:src/components/ui/feature-card.tsx
FN:9,FeatureCard
FNF:1
FNH:0
FNDA:0,FeatureCard
DA:1,0
DA:9,0
LF:2
LH:0
BRF:0
BRH:0
end_of_record
TN:
SF:src/components/ui/form.tsx
FN:29,(anonymous_12)
FN:42,(anonymous_13)
FN:76,(anonymous_14)
FN:90,(anonymous_15)
FN:107,(anonymous_16)
FN:129,(anonymous_17)
FN:146,(anonymous_18)
FNF:7
FNH:0
FNDA:0,(anonymous_12)
FNDA:0,(anonymous_13)
FNDA:0,(anonymous_14)
FNDA:0,(anonymous_15)
FNDA:0,(anonymous_16)
FNDA:0,(anonymous_17)
FNDA:0,(anonymous_18)
DA:1,0
DA:3,0
DA:11,0
DA:13,0
DA:14,0
DA:16,0
DA:25,0
DA:29,0
DA:42,0
DA:43,0
DA:44,0
DA:45,0
DA:47,0
DA:49,0
DA:50,0
DA:53,0
DA:55,0
DA:69,0
DA:73,0
DA:77,0
DA:85,0
DA:87,0
DA:91,0
DA:102,0
DA:104,0
DA:108,0
DA:124,0
DA:126,0
DA:130,0
DA:141,0
DA:143,0
DA:147,0
DA:148,0
DA:150,0
DA:151,0
DA:165,0
DA:168,0
DA:169,0
DA:170,0
DA:171,0
DA:172,0
DA:173,0
DA:174,0
DA:175,0
LF:44
LH:0
BRDA:49,0,0,0
BRDA:96,1,0,0
BRDA:96,1,1,0
BRDA:115,2,0,0
BRDA:115,2,1,0
BRDA:148,3,0,0
BRDA:148,3,1,0
BRDA:150,4,0,0
BRF:8
BRH:0
end_of_record
TN:
SF:src/components/ui/index.ts
FNF:0
FNH:0
DA:1,0
LF:1
LH:0
BRF:0
BRH:0
end_of_record
TN:
SF:src/components/ui/input.tsx
FN:9,(anonymous_4)
FNF:1
FNH:0
FNDA:0,(anonymous_4)
DA:1,0
DA:3,0
DA:8,0
DA:23,0
DA:25,0
LF:5
LH:0
BRF:0
BRH:0
end_of_record
TN:
SF:src/components/ui/label.tsx
FNF:0
FNH:0
DA:1,0
DA:2,0
DA:3,0
DA:5,0
DA:7,0
DA:22,0
DA:24,0
LF:7
LH:0
BRF:0
BRH:0
end_of_record
TN:
SF:src/components/ui/scroll-area.tsx
FNF:0
FNH:0
DA:1,0
DA:2,0
DA:4,0
DA:22,0
DA:44,0
DA:46,0
LF:6
LH:0
BRDA:27,0,0,0
BRDA:33,1,0,0
BRDA:33,1,1,0
BRDA:35,2,0,0
BRDA:35,2,1,0
BRF:5
BRH:0
end_of_record
TN:
SF:src/components/ui/select.tsx
FNF:0
FNH:0
DA:1,0
DA:2,0
DA:3,0
DA:4,0
DA:6,0
DA:8,0
DA:10,0
DA:30,0
DA:60,0
DA:72,0
DA:95,0
DA:107,0
DA:110,0
DA:111,0
DA:112,0
DA:113,0
DA:114,0
DA:115,0
DA:116,0
DA:117,0
LF:20
LH:0
BRDA:35,0,0,0
BRDA:41,1,0,0
BRDA:41,1,1,0
BRDA:51,2,0,0
BRDA:51,2,1,0
BRF:5
BRH:0
end_of_record
TN:
SF:src/components/ui/separator.tsx
FNF:0
FNH:0
DA:1,0
DA:2,0
DA:3,0
DA:26,0
DA:28,0
LF:5
LH:0
BRDA:10,0,0,0
BRDA:10,1,0,0
BRDA:19,2,0,0
BRDA:19,2,1,0
BRF:4
BRH:0
end_of_record
TN:
SF:src/components/ui/skeleton.tsx
FN:5,Skeleton
FNF:1
FNH:1
FNDA:8,Skeleton
DA:1,1
DA:3,1
DA:17,8
LF:3
LH:3
BRF:0
BRH:0
end_of_record
TN:
SF:src/components/ui/switch.tsx
FNF:0
FNH:0
DA:1,0
DA:2,0
DA:4,0
DA:25,0
DA:27,0
LF:5
LH:0
BRF:0
BRH:0
end_of_record
TN:
SF:src/components/ui/tabs.tsx
FNF:0
FNH:0
DA:1,0
DA:2,0
DA:4,0
DA:6,0
DA:21,0
DA:36,0
DA:51,0
DA:53,0
LF:8
LH:0
BRF:0
BRH:0
end_of_record
TN:
SF:src/components/ui/textarea.tsx
FN:8,(anonymous_4)
FNF:1
FNH:0
FNDA:0,(anonymous_4)
DA:1,0
DA:2,0
DA:7,0
DA:21,0
DA:23,0
LF:5
LH:0
BRF:0
BRH:0
end_of_record
TN:
SF:src/components/ui/toast.tsx
FN:47,(anonymous_12)
FNF:1
FNH:0
FNDA:0,(anonymous_12)
DA:3,0
DA:4,0
DA:5,0
DA:6,0
DA:8,0
DA:10,0
DA:25,0
DA:27,0
DA:43,0
DA:56,0
DA:71,0
DA:89,0
DA:101,0
DA:113,0
DA:122,0
DA:123,0
DA:124,0
DA:125,0
DA:126,0
DA:127,0
DA:128,0
LF:21
LH:0
BRF:0
BRH:0
end_of_record
TN:
SF:src/components/ui/toaster.tsx
FN:18,Toaster
FN:21,(anonymous_10)
FNF:2
FNH:0
FNDA:0,Toaster
FNDA:0,(anonymous_10)
DA:3,0
DA:4,0
DA:18,0
DA:22,0
DA:36,0
DA:38,0
LF:6
LH:0
BRDA:24,0,0,0
BRDA:25,1,0,0
BRF:2
BRH:0
end_of_record
TN:
SF:src/components/ui/use-toast.ts
FN:27,genId
FN:58,(anonymous_8)
FN:63,(anonymous_9)
FN:74,(anonymous_10)
FN:85,(anonymous_11)
FN:96,(anonymous_12)
FN:103,(anonymous_13)
FN:122,(anonymous_14)
FN:131,dispatch
FN:133,(anonymous_16)
FN:140,toast
FN:143,(anonymous_18)
FN:148,(anonymous_19)
FN:156,(anonymous_20)
FN:169,useToast
FN:172,(anonymous_22)
FN:174,(anonymous_23)
FN:185,(anonymous_24)
FNF:18
FNH:0
FNDA:0,genId
FNDA:0,(anonymous_8)
FNDA:0,(anonymous_9)
FNDA:0,(anonymous_10)
FNDA:0,(anonymous_11)
FNDA:0,(anonymous_12)
FNDA:0,(anonymous_13)
FNDA:0,(anonymous_14)
FNDA:0,dispatch
FNDA:0,(anonymous_16)
FNDA:0,toast
FNDA:0,(anonymous_18)
FNDA:0,(anonymous_19)
FNDA:0,(anonymous_20)
FNDA:0,useToast
FNDA:0,(anonymous_22)
FNDA:0,(anonymous_23)
FNDA:0,(anonymous_24)
DA:1,0
DA:8,0
DA:9,0
DA:18,0
DA:25,0
DA:28,0
DA:29,0
DA:56,0
DA:58,0
DA:59,0
DA:60,0
DA:63,0
DA:64,0
DA:65,0
DA:71,0
DA:74,0
DA:75,0
DA:77,0
DA:83,0
DA:86,0
DA:91,0
DA:93,0
DA:94,0
DA:96,0
DA:97,0
DA:101,0
DA:104,0
DA:114,0
DA:115,0
DA:120,0
DA:122,0
DA:127,0
DA:129,0
DA:132,0
DA:133,0
DA:134,0
DA:141,0
DA:143,0
DA:144,0
DA:148,0
DA:150,0
DA:157,0
DA:162,0
DA:170,0
DA:172,0
DA:173,0
DA:174,0
DA:175,0
DA:176,0
DA:177,0
DA:182,0
DA:185,0
DA:189,0
LF:53
LH:0
BRDA:59,0,0,0
BRDA:75,1,0,0
BRDA:75,1,1,0
BRDA:75,1,2,0
BRDA:75,1,3,0
BRDA:86,2,0,0
BRDA:86,2,1,0
BRDA:93,3,0,0
BRDA:93,3,1,0
BRDA:104,4,0,0
BRDA:104,4,1,0
BRDA:104,5,0,0
BRDA:104,5,1,0
BRDA:114,6,0,0
BRDA:157,7,0,0
BRDA:176,8,0,0
BRF:16
BRH:0
end_of_record
TN:
SF:src/config/navigation.ts
FNF:0
FNH:0
DA:1,0
DA:10,0
LF:2
LH:0
BRF:0
BRH:0
end_of_record
TN:
SF:src/context/navigation-context.tsx
FN:13,NavigationProvider
FN:16,(anonymous_4)
FN:20,(anonymous_5)
FN:31,useNavigation
FNF:4
FNH:0
FNDA:0,NavigationProvider
FNDA:0,(anonymous_4)
FNDA:0,(anonymous_5)
FNDA:0,useNavigation
DA:3,0
DA:11,0
DA:13,0
DA:14,0
DA:16,0
DA:17,0
DA:20,0
DA:21,0
DA:31,0
DA:32,0
DA:33,0
DA:34,0
DA:36,0
LF:13
LH:0
BRDA:33,0,0,0
BRF:1
BRH:0
end_of_record
TN:
SF:src/hooks/use-auth.ts
FN:38,useUser
FN:41,(anonymous_6)
FN:46,(anonymous_7)
FN:72,(anonymous_8)
FN:86,useLogin
FN:92,(anonymous_10)
FN:103,(anonymous_11)
FN:109,(anonymous_12)
FN:122,(anonymous_13)
FN:132,useSignup
FN:137,(anonymous_15)
FN:148,(anonymous_16)
FN:154,(anonymous_17)
FN:166,(anonymous_18)
FN:176,useLogout
FN:181,(anonymous_20)
FN:193,(anonymous_21)
FN:205,(anonymous_22)
FNF:18
FNH:0
FNDA:0,useUser
FNDA:0,(anonymous_6)
FNDA:0,(anonymous_7)
FNDA:0,(anonymous_8)
FNDA:0,useLogin
FNDA:0,(anonymous_10)
FNDA:0,(anonymous_11)
FNDA:0,(anonymous_12)
FNDA:0,(anonymous_13)
FNDA:0,useSignup
FNDA:0,(anonymous_15)
FNDA:0,(anonymous_16)
FNDA:0,(anonymous_17)
FNDA:0,(anonymous_18)
FNDA:0,useLogout
FNDA:0,(anonymous_20)
FNDA:0,(anonymous_21)
FNDA:0,(anonymous_22)
DA:3,0
DA:4,0
DA:5,0
DA:7,0
DA:28,0
DA:36,0
DA:38,0
DA:39,0
DA:42,0
DA:44,0
DA:46,0
DA:49,0
DA:50,0
DA:55,0
DA:58,0
DA:59,0
DA:60,0
DA:62,0
DA:72,0
DA:73,0
DA:74,0
DA:78,0
DA:86,0
DA:87,0
DA:88,0
DA:89,0
DA:91,0
DA:93,0
DA:102,0
DA:103,0
DA:104,0
DA:107,0
DA:111,0
DA:114,0
DA:115,0
DA:117,0
DA:123,0
DA:132,0
DA:133,0
DA:134,0
DA:136,0
DA:138,0
DA:147,0
DA:148,0
DA:149,0
DA:152,0
DA:156,0
DA:159,0
DA:161,0
DA:167,0
DA:176,0
DA:177,0
DA:178,0
DA:180,0
DA:182,0
DA:187,0
DA:188,0
DA:191,0
DA:195,0
DA:198,0
DA:200,0
DA:206,0
LF:62
LH:0
BRDA:49,0,0,0
BRDA:58,1,0,0
BRDA:73,2,0,0
BRDA:80,3,0,0
BRDA:80,3,1,0
BRDA:102,4,0,0
BRDA:104,5,0,0
BRDA:104,5,1,0
BRDA:114,6,0,0
BRDA:114,6,1,0
BRDA:125,7,0,0
BRDA:125,7,1,0
BRDA:147,8,0,0
BRDA:149,9,0,0
BRDA:149,9,1,0
BRDA:169,10,0,0
BRDA:169,10,1,0
BRDA:187,11,0,0
BRF:18
BRH:0
end_of_record
TN:
SF:src/hooks/use-debounce.ts
FN:3,useDebounce
FN:6,(anonymous_2)
FN:7,(anonymous_3)
FN:11,(anonymous_4)
FNF:4
FNH:0
FNDA:0,useDebounce
FNDA:0,(anonymous_2)
FNDA:0,(anonymous_3)
FNDA:0,(anonymous_4)
DA:1,0
DA:3,0
DA:4,0
DA:6,0
DA:7,0
DA:8,0
DA:11,0
DA:12,0
DA:16,0
LF:9
LH:0
BRF:0
BRH:0
end_of_record
TN:
SF:src/hooks/use-documents.ts
FN:17,useDocuments
FN:23,(anonymous_5)
FN:40,(anonymous_6)
FN:47,(anonymous_7)
FN:55,(anonymous_8)
FN:73,useCreateDocument
FN:78,(anonymous_10)
FN:114,useDocument
FN:119,(anonymous_12)
FN:127,(anonymous_13)
FN:131,(anonymous_14)
FN:152,(anonymous_15)
FN:166,(anonymous_16)
FN:175,(anonymous_17)
FN:178,(anonymous_18)
FN:186,(anonymous_19)
FNF:16
FNH:0
FNDA:0,useDocuments
FNDA:0,(anonymous_5)
FNDA:0,(anonymous_6)
FNDA:0,(anonymous_7)
FNDA:0,(anonymous_8)
FNDA:0,useCreateDocument
FNDA:0,(anonymous_10)
FNDA:0,useDocument
FNDA:0,(anonymous_12)
FNDA:0,(anonymous_13)
FNDA:0,(anonymous_14)
FNDA:0,(anonymous_15)
FNDA:0,(anonymous_16)
FNDA:0,(anonymous_17)
FNDA:0,(anonymous_18)
FNDA:0,(anonymous_19)
DA:1,0
DA:2,0
DA:3,0
DA:4,0
DA:5,0
DA:17,0
DA:18,0
DA:19,0
DA:21,0
DA:24,0
DA:25,0
DA:26,0
DA:28,0
DA:29,0
DA:34,0
DA:39,0
DA:41,0
DA:45,0
DA:48,0
DA:49,0
DA:50,0
DA:56,0
DA:64,0
DA:73,0
DA:74,0
DA:75,0
DA:76,0
DA:78,0
DA:79,0
DA:80,0
DA:81,0
DA:93,0
DA:94,0
DA:97,0
DA:98,0
DA:99,0
DA:101,0
DA:102,0
DA:104,0
DA:108,0
DA:114,0
DA:115,0
DA:117,0
DA:120,0
DA:121,0
DA:126,0
DA:128,0
DA:129,0
DA:133,0
DA:136,0
DA:142,0
DA:143,0
DA:150,0
DA:154,0
DA:155,0
DA:160,0
DA:168,0
DA:172,0
DA:174,0
DA:176,0
DA:179,0
DA:180,0
DA:181,0
DA:187,0
DA:195,0
LF:65
LH:0
BRDA:28,0,0,0
BRDA:28,0,1,0
BRDA:43,1,0,0
BRDA:43,1,1,0
BRDA:65,2,0,0
BRDA:65,2,1,0
BRDA:88,3,0,0
BRDA:88,3,1,0
BRDA:89,4,0,0
BRDA:89,4,1,0
BRDA:93,5,0,0
BRDA:142,6,0,0
BRDA:154,7,0,0
BRF:13
BRH:0
end_of_record
TN:
SF:src/lib/api-client.ts
FN:9,(anonymous_8)
FN:18,(anonymous_9)
FN:21,(anonymous_10)
FN:27,(anonymous_11)
FN:55,(anonymous_12)
FN:62,(anonymous_13)
FN:69,(anonymous_14)
FN:70,(anonymous_15)
FN:102,(anonymous_16)
FN:104,(anonymous_17)
FN:106,(anonymous_18)
FN:107,(anonymous_19)
FN:111,(anonymous_20)
FN:112,(anonymous_21)
FN:113,(anonymous_22)
FN:115,(anonymous_23)
FN:117,(anonymous_24)
FN:121,(anonymous_25)
FN:123,(anonymous_26)
FN:128,(anonymous_27)
FN:129,(anonymous_28)
FN:133,(anonymous_29)
FN:134,(anonymous_30)
FN:135,(anonymous_31)
FNF:24
FNH:0
FNDA:0,(anonymous_8)
FNDA:0,(anonymous_9)
FNDA:0,(anonymous_10)
FNDA:0,(anonymous_11)
FNDA:0,(anonymous_12)
FNDA:0,(anonymous_13)
FNDA:0,(anonymous_14)
FNDA:0,(anonymous_15)
FNDA:0,(anonymous_16)
FNDA:0,(anonymous_17)
FNDA:0,(anonymous_18)
FNDA:0,(anonymous_19)
FNDA:0,(anonymous_20)
FNDA:0,(anonymous_21)
FNDA:0,(anonymous_22)
FNDA:0,(anonymous_23)
FNDA:0,(anonymous_24)
FNDA:0,(anonymous_25)
FNDA:0,(anonymous_26)
FNDA:0,(anonymous_27)
FNDA:0,(anonymous_28)
FNDA:0,(anonymous_29)
FNDA:0,(anonymous_30)
FNDA:0,(anonymous_31)
DA:1,0
DA:2,0
DA:3,0
DA:5,0
DA:6,0
DA:9,0
DA:18,0
DA:19,0
DA:20,0
DA:22,0
DA:23,0
DA:25,0
DA:28,0
DA:29,0
DA:30,0
DA:31,0
DA:32,0
DA:33,0
DA:35,0
DA:42,0
DA:54,0
DA:56,0
DA:57,0
DA:58,0
DA:60,0
DA:63,0
DA:68,0
DA:69,0
DA:72,0
DA:73,0
DA:76,0
DA:77,0
DA:78,0
DA:79,0
DA:80,0
DA:81,0
DA:85,0
DA:87,0
DA:88,0
DA:89,0
DA:92,0
DA:96,0
DA:99,0
DA:101,0
DA:103,0
DA:105,0
DA:106,0
DA:107,0
DA:110,0
DA:111,0
DA:112,0
DA:114,0
DA:116,0
DA:117,0
DA:120,0
DA:122,0
DA:124,0
DA:127,0
DA:128,0
DA:129,0
DA:132,0
DA:133,0
DA:134,0
DA:135,0
LF:64
LH:0
BRDA:5,0,0,0
BRDA:5,0,1,0
BRDA:6,1,0,0
BRDA:6,1,1,0
BRDA:19,2,0,0
BRDA:22,3,0,0
BRDA:28,4,0,0
BRDA:28,4,1,0
BRDA:30,5,0,0
BRDA:30,5,1,0
BRDA:32,6,0,0
BRDA:57,7,0,0
BRDA:72,8,0,0
BRDA:72,9,0,0
BRDA:72,9,1,0
BRDA:76,10,0,0
BRDA:76,10,1,0
BRDA:77,11,0,0
BRDA:77,11,1,0
BRDA:79,12,0,0
BRDA:79,13,0,0
BRDA:79,13,1,0
BRDA:85,14,0,0
BRDA:87,15,0,0
BRF:24
BRH:0
end_of_record
TN:
SF:src/lib/auth.config.ts
FN:27,(anonymous_8)
FN:55,(anonymous_9)
FN:61,(anonymous_10)
FNF:3
FNH:0
FNDA:0,(anonymous_8)
FNDA:0,(anonymous_9)
FNDA:0,(anonymous_10)
DA:1,0
DA:2,0
DA:3,0
DA:4,0
DA:5,0
DA:15,0
DA:28,0
DA:29,0
DA:32,0
DA:36,0
DA:37,0
DA:40,0
DA:42,0
DA:43,0
DA:46,0
DA:56,0
DA:57,0
DA:59,0
DA:62,0
DA:74,0
DA:76,0
DA:79,0
DA:80,0
DA:81,0
DA:82,0
LF:25
LH:0
BRDA:28,0,0,0
BRDA:28,1,0,0
BRDA:28,1,1,0
BRDA:36,2,0,0
BRDA:36,3,0,0
BRDA:36,3,1,0
BRDA:42,4,0,0
BRDA:56,5,0,0
BRDA:70,6,0,0
BRDA:70,6,1,0
BRF:10
BRH:0
end_of_record
TN:
SF:src/lib/auth.ts
FN:13,getCurrentUser
FN:18,requireAuth
FN:26,getAuthToken
FN:31,setAuthToken
FN:36,removeAuthToken
FN:41,isAuthenticated
FNF:6
FNH:0
FNDA:0,getCurrentUser
FNDA:0,requireAuth
FNDA:0,getAuthToken
FNDA:0,setAuthToken
FNDA:0,removeAuthToken
FNDA:0,isAuthenticated
DA:1,0
DA:2,0
DA:3,0
DA:5,0
DA:7,0
DA:9,0
DA:11,0
DA:13,0
DA:14,0
DA:15,0
DA:18,0
DA:19,0
DA:20,0
DA:21,0
DA:23,0
DA:26,0
DA:27,0
DA:28,0
DA:31,0
DA:32,0
DA:33,0
DA:36,0
DA:37,0
DA:38,0
DA:41,0
DA:42,0
LF:26
LH:0
BRDA:15,0,0,0
BRDA:15,0,1,0
BRDA:20,1,0,0
BRDA:28,2,0,0
BRDA:28,2,1,0
BRF:5
BRH:0
end_of_record
TN:
SF:src/lib/cookies.ts
FN:2,getCookie
FN:11,setCookie
FN:20,deleteCookie
FNF:3
FNH:0
FNDA:0,getCookie
FNDA:0,setCookie
FNDA:0,deleteCookie
DA:2,0
DA:3,0
DA:4,0
DA:5,0
DA:6,0
DA:7,0
DA:11,0
DA:12,0
DA:13,0
DA:14,0
DA:15,0
DA:16,0
DA:20,0
DA:21,0
DA:22,0
LF:15
LH:0
BRDA:3,0,0,0
BRDA:6,1,0,0
BRDA:11,2,0,0
BRDA:12,3,0,0
BRDA:21,4,0,0
BRF:5
BRH:0
end_of_record
TN:
SF:src/lib/document-utils.ts
FN:6,(anonymous_5)
FN:39,(anonymous_6)
FN:48,(anonymous_7)
FN:59,(anonymous_8)
FNF:4
FNH:0
FNDA:0,(anonymous_5)
FNDA:0,(anonymous_6)
FNDA:0,(anonymous_7)
FNDA:0,(anonymous_8)
DA:1,0
DA:6,0
DA:7,0
DA:9,0
DA:16,0
DA:23,0
DA:30,0
DA:39,0
DA:40,0
DA:41,0
DA:48,0
DA:49,0
DA:50,0
DA:59,0
DA:60,0
DA:62,0
DA:63,0
DA:64,0
DA:66,0
LF:19
LH:0
BRDA:7,0,0,0
BRDA:7,0,1,0
BRDA:7,0,2,0
BRDA:7,0,3,0
BRDA:60,1,0,0
BRF:5
BRH:0
end_of_record
TN:
SF:src/lib/mock-api.ts
FN:63,(anonymous_3)
FN:63,(anonymous_4)
FN:68,(anonymous_5)
FN:76,(anonymous_6)
FN:87,(anonymous_7)
FN:91,(anonymous_8)
FN:99,(anonymous_9)
FN:106,(anonymous_10)
FN:110,(anonymous_11)
FN:112,(anonymous_12)
FN:118,(anonymous_13)
FN:122,(anonymous_14)
FN:124,(anonymous_15)
FNF:13
FNH:0
FNDA:0,(anonymous_3)
FNDA:0,(anonymous_4)
FNDA:0,(anonymous_5)
FNDA:0,(anonymous_6)
FNDA:0,(anonymous_7)
FNDA:0,(anonymous_8)
FNDA:0,(anonymous_9)
FNDA:0,(anonymous_10)
FNDA:0,(anonymous_11)
FNDA:0,(anonymous_12)
FNDA:0,(anonymous_13)
FNDA:0,(anonymous_14)
FNDA:0,(anonymous_15)
DA:27,0
DA:34,0
DA:51,0
DA:63,0
DA:66,0
DA:69,0
DA:70,0
DA:71,0
DA:72,0
DA:74,0
DA:77,0
DA:78,0
DA:84,0
DA:85,0
DA:88,0
DA:89,0
DA:91,0
DA:94,0
DA:95,0
DA:97,0
DA:100,0
DA:101,0
DA:102,0
DA:107,0
DA:108,0
DA:111,0
DA:112,0
DA:113,0
DA:114,0
DA:119,0
DA:120,0
DA:123,0
DA:124,0
DA:125,0
DA:126,0
DA:128,0
DA:133,0
LF:37
LH:0
BRDA:70,0,0,0
BRDA:70,1,0,0
BRDA:70,1,1,0
BRDA:94,2,0,0
BRDA:113,3,0,0
BRDA:125,4,0,0
BRF:6
BRH:0
end_of_record
TN:
SF:src/lib/monaco-config.ts
FN:15,(anonymous_1)
FN:33,(anonymous_2)
FN:36,(anonymous_3)
FN:37,(anonymous_4)
FNF:4
FNH:0
FNDA:0,(anonymous_1)
FNDA:0,(anonymous_2)
FNDA:0,(anonymous_3)
FNDA:0,(anonymous_4)
DA:13,0
DA:17,0
DA:31,0
DA:32,0
DA:35,0
LF:5
LH:0
BRDA:31,0,0,0
BRF:1
BRH:0
end_of_record
TN:
SF:src/lib/prisma.ts
FNF:0
FNH:0
DA:1,0
DA:9,0
DA:15,0
DA:16,0
DA:19,0
LF:5
LH:0
BRDA:9,0,0,0
BRDA:9,0,1,0
BRDA:10,1,0,0
BRDA:10,1,1,0
BRDA:15,2,0,0
BRF:5
BRH:0
end_of_record
TN:
SF:src/lib/utils.ts
FN:4,cn
FN:8,formatDate
FN:17,formatBytes
FN:29,absoluteUrl
FN:33,isActiveRoute
FN:39,capitalize
FN:43,truncate
FNF:7
FNH:1
FNDA:32,cn
FNDA:0,formatDate
FNDA:0,formatBytes
FNDA:0,absoluteUrl
FNDA:0,isActiveRoute
FNDA:0,capitalize
FNDA:0,truncate
DA:1,4
DA:2,4
DA:4,32
DA:5,32
DA:8,0
DA:9,0
DA:10,0
DA:17,0
DA:18,0
DA:20,0
DA:21,0
DA:22,0
DA:24,0
DA:26,0
DA:29,0
DA:30,0
DA:33,0
DA:34,0
DA:39,0
DA:40,0
DA:43,0
DA:44,0
LF:22
LH:4
BRDA:17,0,0,0
BRDA:18,1,0,0
BRDA:21,2,0,0
BRDA:21,2,1,0
BRDA:30,3,0,0
BRDA:30,3,1,0
BRDA:34,4,0,0
BRDA:34,4,1,0
BRDA:44,5,0,0
BRDA:44,5,1,0
BRF:10
BRH:0
end_of_record
TN:
SF:src/providers/query-provider.tsx
FN:6,QueryProvider
FN:8,(anonymous_3)
FNF:2
FNH:0
FNDA:0,QueryProvider
FNDA:0,(anonymous_3)
DA:3,0
DA:4,0
DA:6,0
DA:7,0
DA:9,0
LF:5
LH:0
BRF:0
BRH:0
end_of_record
TN:
SF:src/services/document.service.ts
FN:23,(anonymous_2)
FN:36,(anonymous_3)
FN:49,(anonymous_4)
FN:64,(anonymous_5)
FN:82,(anonymous_6)
FN:94,(anonymous_7)
FN:111,(anonymous_8)
FN:131,(anonymous_9)
FNF:8
FNH:0
FNDA:0,(anonymous_2)
FNDA:0,(anonymous_3)
FNDA:0,(anonymous_4)
FNDA:0,(anonymous_5)
FNDA:0,(anonymous_6)
FNDA:0,(anonymous_7)
FNDA:0,(anonymous_8)
FNDA:0,(anonymous_9)
DA:1,0
DA:3,0
DA:21,0
DA:24,0
DA:25,0
DA:28,0
DA:30,0
DA:31,0
DA:37,0
DA:38,0
DA:41,0
DA:43,0
DA:44,0
DA:50,0
DA:51,0
DA:56,0
DA:58,0
DA:59,0
DA:68,0
DA:69,0
DA:74,0
DA:76,0
DA:77,0
DA:83,0
DA:84,0
DA:88,0
DA:89,0
DA:95,0
DA:96,0
DA:103,0
DA:105,0
DA:106,0
DA:112,0
DA:113,0
DA:119,0
DA:121,0
DA:122,0
DA:132,0
DA:133,0
DA:140,0
DA:142,0
DA:143,0
DA:148,0
LF:43
LH:0
BRDA:3,0,0,0
BRDA:3,0,1,0
BRDA:49,1,0,0
BRDA:94,2,0,0
BRF:4
BRH:0
end_of_record
