TN:
SF:src/__tests__/test-utils.ts
FN:28,(anonymous_1)
FN:45,(anonymous_2)
FN:58,(anonymous_3)
FN:78,(anonymous_4)
FN:103,(anonymous_5)
FN:113,(anonymous_6)
FN:123,(anonymous_7)
FN:139,(anonymous_8)
FN:148,(anonymous_9)
FNF:9
FNH:8
FNDA:4,(anonymous_1)
FNDA:11,(anonymous_2)
FNDA:4,(anonymous_3)
FNDA:1,(anonymous_4)
FNDA:3,(anonymous_5)
FNDA:3,(anonymous_6)
FNDA:2,(anonymous_7)
FNDA:0,(anonymous_8)
FNDA:4,(anonymous_9)
DA:1,4
DA:2,4
DA:3,4
DA:4,4
DA:5,4
DA:7,4
DA:10,4
DA:28,4
DA:29,4
DA:34,4
DA:45,4
DA:46,11
DA:47,11
DA:49,1
DA:58,4
DA:59,4
DA:69,4
DA:70,4
DA:73,4
DA:76,4
DA:79,1
DA:80,1
DA:83,1
DA:85,1
DA:92,4
DA:98,4
DA:101,4
DA:104,3
DA:105,3
DA:106,2
DA:108,3
DA:111,4
DA:114,3
DA:115,3
DA:121,4
DA:124,2
DA:125,2
DA:126,2
DA:131,2
DA:132,2
DA:133,2
DA:137,4
DA:139,0
DA:144,4
DA:145,4
DA:148,4
DA:150,4
DA:152,4
DA:157,4
DA:163,4
LF:50
LH:49
BRDA:60,0,0,4
BRDA:60,0,1,0
BRDA:61,1,0,4
BRDA:61,1,1,4
BRDA:62,2,0,4
BRDA:62,2,1,4
BRDA:105,3,0,2
BRDA:117,4,0,3
BRDA:117,4,1,1
BRDA:125,5,0,2
BRDA:125,5,1,0
BRDA:148,6,0,1
BRF:12
BRH:10
end_of_record
TN:
SF:src/middleware/auth.ts
FN:13,(anonymous_1)
FN:33,(anonymous_2)
FN:39,(anonymous_3)
FN:72,(anonymous_4)
FN:74,(anonymous_5)
FNF:5
FNH:4
FNDA:4,(anonymous_1)
FNDA:14,(anonymous_2)
FNDA:102,(anonymous_3)
FNDA:4,(anonymous_4)
FNDA:0,(anonymous_5)
DA:2,4
DA:13,4
DA:15,4
DA:28,4
DA:33,4
DA:34,14
DA:35,14
DA:38,14
DA:39,102
DA:42,14
DA:43,9
DA:47,5
DA:48,5
DA:49,2
DA:57,3
DA:58,3
DA:59,3
DA:62,2
DA:63,2
DA:72,4
DA:73,2
DA:74,0
DA:75,0
DA:78,0
DA:79,0
DA:88,1
DA:89,1
DA:99,4
LF:28
LH:24
BRDA:39,0,0,102
BRDA:39,0,1,9
BRDA:42,1,0,9
BRDA:48,2,0,2
BRDA:48,3,0,5
BRDA:48,3,1,3
BRDA:62,4,0,2
BRDA:62,4,1,0
BRDA:73,5,0,0
BRDA:78,6,0,0
BRDA:88,7,0,1
BRDA:88,7,1,1
BRDA:93,8,0,0
BRDA:93,8,1,1
BRF:14
BRH:10
end_of_record
TN:
SF:src/routes/auth.ts
FN:12,(anonymous_1)
FN:16,(anonymous_2)
FN:43,(anonymous_3)
FN:74,(anonymous_4)
FN:84,(anonymous_5)
FNF:5
FNH:2
FNDA:4,(anonymous_1)
FNDA:0,(anonymous_2)
FNDA:0,(anonymous_3)
FNDA:1,(anonymous_4)
FNDA:0,(anonymous_5)
DA:2,4
DA:12,4
DA:14,4
DA:17,0
DA:20,0
DA:28,0
DA:29,0
DA:41,4
DA:44,0
DA:47,0
DA:55,0
DA:57,0
DA:69,4
DA:75,1
DA:84,4
DA:85,0
DA:89,4
LF:17
LH:8
BRF:0
BRH:0
end_of_record
TN:
SF:src/routes/metrics.ts
FN:11,(anonymous_1)
FN:12,(anonymous_2)
FNF:2
FNH:0
FNDA:0,(anonymous_1)
FNDA:0,(anonymous_2)
DA:2,4
DA:5,4
DA:11,4
DA:12,0
DA:13,0
DA:24,4
DA:25,4
LF:7
LH:5
BRF:0
BRH:0
end_of_record
