TN:
SF:src/services/document.service.ts
FN:19,(anonymous_0)
FN:34,(anonymous_1)
FN:66,(anonymous_2)
FN:83,(anonymous_3)
FN:125,(anonymous_4)
FN:158,(anonymous_5)
FNF:6
FNH:6
FNDA:3,(anonymous_0)
FNDA:1,(anonymous_1)
FNDA:5,(anonymous_2)
FNDA:1,(anonymous_3)
FNDA:1,(anonymous_4)
FNDA:2,(anonymous_5)
DA:1,1
DA:9,1
DA:11,1
DA:15,1
DA:20,3
DA:21,3
DA:26,0
DA:35,1
DA:36,1
DA:46,1
DA:56,1
DA:58,0
DA:59,0
DA:67,5
DA:68,5
DA:75,0
DA:76,0
DA:88,1
DA:90,1
DA:91,1
DA:92,0
DA:95,1
DA:104,1
DA:115,1
DA:117,0
DA:118,0
DA:126,1
DA:128,1
DA:129,1
DA:130,0
DA:133,1
DA:138,1
DA:148,1
DA:150,0
DA:151,0
DA:159,2
DA:160,2
DA:170,0
DA:171,0
LF:39
LH:26
BRDA:91,0,0,0
BRDA:91,0,1,1
BRDA:129,1,0,0
BRDA:129,1,1,1
BRF:4
BRH:2
end_of_record
TN:
SF:test/test-utils.ts
FN:17,(anonymous_0)
FN:50,(anonymous_1)
FN:81,(anonymous_2)
FN:95,(anonymous_3)
FNF:4
FNH:4
FNDA:3,(anonymous_0)
FNDA:3,(anonymous_1)
FNDA:15,(anonymous_2)
FNDA:2,(anonymous_3)
DA:1,2
DA:2,2
DA:6,2
DA:9,2
DA:17,2
DA:18,3
DA:20,3
DA:23,3
DA:32,3
DA:40,3
DA:42,0
DA:43,0
DA:50,2
DA:51,3
DA:53,3
DA:56,3
DA:59,3
DA:71,3
DA:73,0
DA:74,0
DA:81,2
DA:82,15
DA:84,15
DA:85,15
DA:87,0
DA:95,2
DA:96,2
DA:97,2
DA:98,2
DA:100,0
DA:106,2
LF:31
LH:25
BRF:0
BRH:0
end_of_record
